<?xml version="1.0" encoding="UTF-8"?>
<robot generator="Robot 5.0.1 (Python 3.7.7 on win32)" generated="20230820 17:50:02.113" rpa="false" schemaversion="3">
<suite id="s1" name="MobileImageAutomation" source="D:\Projects\MobileImageAutomation">
<suite id="s1-s1" name="Rob1" source="D:\Projects\MobileImageAutomation\rob1.robot">
<test id="s1-s1-t1" name="TC1 884 Slim-Fit Button-Closure Jacket with Flap Pockets" line="6">
<kw name="TC1">
<arg>Slim-Fit Button-Closure Jacket with Flap Pockets</arg>
<kw name="Log" library="BuiltIn">
<arg>${Product_Name}</arg>
<doc>Logs the given message with the given level.</doc>
<msg timestamp="20230820 17:50:04.802" level="INFO">Slim-Fit Button-Closure Jacket with Flap Pockets</msg>
<status status="PASS" starttime="20230820 17:50:04.802" endtime="20230820 17:50:04.802"/>
</kw>
<status status="PASS" starttime="20230820 17:50:04.802" endtime="20230820 17:50:04.802"/>
</kw>
<status status="PASS" starttime="20230820 17:50:04.787" endtime="20230820 17:50:04.802"/>
</test>
<test id="s1-s1-t2" name="TC1 396 Zip-Front Bomber Jacket with Welt Pockets" line="6">
<kw name="TC1">
<arg>Zip-Front Bomber Jacket with Welt Pockets</arg>
<kw name="Log" library="BuiltIn">
<arg>${Product_Name}</arg>
<doc>Logs the given message with the given level.</doc>
<msg timestamp="20230820 17:50:04.802" level="INFO">Zip-Front Bomber Jacket with Welt Pockets</msg>
<status status="PASS" starttime="20230820 17:50:04.802" endtime="20230820 17:50:04.802"/>
</kw>
<status status="PASS" starttime="20230820 17:50:04.802" endtime="20230820 17:50:04.802"/>
</kw>
<status status="PASS" starttime="20230820 17:50:04.802" endtime="20230820 17:50:04.802"/>
</test>
<test id="s1-s1-t3" name="TC1 1829 Genuine Leather Denim Jacket with Flap Pockets" line="6">
<kw name="TC1">
<arg>Genuine Leather Denim Jacket with Flap Pockets</arg>
<kw name="Log" library="BuiltIn">
<arg>${Product_Name}</arg>
<doc>Logs the given message with the given level.</doc>
<msg timestamp="20230820 17:50:04.818" level="INFO">Genuine Leather Denim Jacket with Flap Pockets</msg>
<status status="PASS" starttime="20230820 17:50:04.818" endtime="20230820 17:50:04.818"/>
</kw>
<status status="PASS" starttime="20230820 17:50:04.818" endtime="20230820 17:50:04.818"/>
</kw>
<status status="PASS" starttime="20230820 17:50:04.802" endtime="20230820 17:50:04.818"/>
</test>
<test id="s1-s1-t4" name="TC1 396 Zip-Front Bomber Jacket" line="6">
<kw name="TC1">
<arg>Zip-Front Bomber Jacket</arg>
<kw name="Log" library="BuiltIn">
<arg>${Product_Name}</arg>
<doc>Logs the given message with the given level.</doc>
<msg timestamp="20230820 17:50:04.818" level="INFO">Zip-Front Bomber Jacket</msg>
<status status="PASS" starttime="20230820 17:50:04.818" endtime="20230820 17:50:04.818"/>
</kw>
<status status="PASS" starttime="20230820 17:50:04.818" endtime="20230820 17:50:04.818"/>
</kw>
<status status="PASS" starttime="20230820 17:50:04.818" endtime="20230820 17:50:04.818"/>
</test>
<test id="s1-s1-t5" name="TC1 899 Zip-Front Jacket with Contrast Piping" line="6">
<kw name="TC1">
<arg>Zip-Front Jacket with Contrast Piping</arg>
<kw name="Log" library="BuiltIn">
<arg>${Product_Name}</arg>
<doc>Logs the given message with the given level.</doc>
<msg timestamp="20230820 17:50:04.818" level="INFO">Zip-Front Jacket with Contrast Piping</msg>
<status status="PASS" starttime="20230820 17:50:04.818" endtime="20230820 17:50:04.818"/>
</kw>
<status status="PASS" starttime="20230820 17:50:04.818" endtime="20230820 17:50:04.818"/>
</kw>
<status status="PASS" starttime="20230820 17:50:04.818" endtime="20230820 17:50:04.818"/>
</test>
<test id="s1-s1-t6" name="TC1 525 Colourblock Zip-Front Jacket" line="6">
<kw name="TC1">
<arg>Colourblock Zip-Front Jacket</arg>
<kw name="Log" library="BuiltIn">
<arg>${Product_Name}</arg>
<doc>Logs the given message with the given level.</doc>
<msg timestamp="20230820 17:50:04.833" level="INFO">Colourblock Zip-Front Jacket</msg>
<status status="PASS" starttime="20230820 17:50:04.833" endtime="20230820 17:50:04.833"/>
</kw>
<status status="PASS" starttime="20230820 17:50:04.833" endtime="20230820 17:50:04.833"/>
</kw>
<status status="PASS" starttime="20230820 17:50:04.818" endtime="20230820 17:50:04.833"/>
</test>
<test id="s1-s1-t7" name="TC1 2435 Zip-Front Puffer Jacket" line="6">
<kw name="TC1">
<arg>Zip-Front Puffer Jacket</arg>
<kw name="Log" library="BuiltIn">
<arg>${Product_Name}</arg>
<doc>Logs the given message with the given level.</doc>
<msg timestamp="20230820 17:50:04.833" level="INFO">Zip-Front Puffer Jacket</msg>
<status status="PASS" starttime="20230820 17:50:04.833" endtime="20230820 17:50:04.833"/>
</kw>
<status status="PASS" starttime="20230820 17:50:04.833" endtime="20230820 17:50:04.833"/>
</kw>
<status status="PASS" starttime="20230820 17:50:04.833" endtime="20230820 17:50:04.833"/>
</test>
<test id="s1-s1-t8" name="TC1 396 Colourblock Zip-Front Bomber Jacket" line="6">
<kw name="TC1">
<arg>Colourblock Zip-Front Bomber Jacket</arg>
<kw name="Log" library="BuiltIn">
<arg>${Product_Name}</arg>
<doc>Logs the given message with the given level.</doc>
<msg timestamp="20230820 17:50:04.849" level="INFO">Colourblock Zip-Front Bomber Jacket</msg>
<status status="PASS" starttime="20230820 17:50:04.849" endtime="20230820 17:50:04.849"/>
</kw>
<status status="PASS" starttime="20230820 17:50:04.849" endtime="20230820 17:50:04.849"/>
</kw>
<status status="PASS" starttime="20230820 17:50:04.833" endtime="20230820 17:50:04.849"/>
</test>
<test id="s1-s1-t9" name="TC1 8999 Vintage Coated Denim Racer Jacket" line="6">
<kw name="TC1">
<arg>Vintage Coated Denim Racer Jacket</arg>
<kw name="Log" library="BuiltIn">
<arg>${Product_Name}</arg>
<doc>Logs the given message with the given level.</doc>
<msg timestamp="20230820 17:50:04.849" level="INFO">Vintage Coated Denim Racer Jacket</msg>
<status status="PASS" starttime="20230820 17:50:04.849" endtime="20230820 17:50:04.849"/>
</kw>
<status status="PASS" starttime="20230820 17:50:04.849" endtime="20230820 17:50:04.849"/>
</kw>
<status status="PASS" starttime="20230820 17:50:04.849" endtime="20230820 17:50:04.849"/>
</test>
<test id="s1-s1-t10" name="TC1 1989 Geometric Print Zip-Front Jacket" line="6">
<kw name="TC1">
<arg>Geometric Print Zip-Front Jacket</arg>
<kw name="Log" library="BuiltIn">
<arg>${Product_Name}</arg>
<doc>Logs the given message with the given level.</doc>
<msg timestamp="20230820 17:50:04.865" level="INFO">Geometric Print Zip-Front Jacket</msg>
<status status="PASS" starttime="20230820 17:50:04.865" endtime="20230820 17:50:04.865"/>
</kw>
<status status="PASS" starttime="20230820 17:50:04.865" endtime="20230820 17:50:04.865"/>
</kw>
<status status="PASS" starttime="20230820 17:50:04.849" endtime="20230820 17:50:04.865"/>
</test>
<test id="s1-s1-t11" name="TC1 630 Zip-Front Jacket with Insert Pockets" line="6">
<kw name="TC1">
<arg>Zip-Front Jacket with Insert Pockets</arg>
<kw name="Log" library="BuiltIn">
<arg>${Product_Name}</arg>
<doc>Logs the given message with the given level.</doc>
<msg timestamp="20230820 17:50:04.865" level="INFO">Zip-Front Jacket with Insert Pockets</msg>
<status status="PASS" starttime="20230820 17:50:04.865" endtime="20230820 17:50:04.865"/>
</kw>
<status status="PASS" starttime="20230820 17:50:04.865" endtime="20230820 17:50:04.865"/>
</kw>
<status status="PASS" starttime="20230820 17:50:04.865" endtime="20230820 17:50:04.865"/>
</test>
<test id="s1-s1-t12" name="TC1 525 Quilted Zip-Front Gillet" line="6">
<kw name="TC1">
<arg>Quilted Zip-Front Gillet</arg>
<kw name="Log" library="BuiltIn">
<arg>${Product_Name}</arg>
<doc>Logs the given message with the given level.</doc>
<msg timestamp="20230820 17:50:04.865" level="INFO">Quilted Zip-Front Gillet</msg>
<status status="PASS" starttime="20230820 17:50:04.865" endtime="20230820 17:50:04.865"/>
</kw>
<status status="PASS" starttime="20230820 17:50:04.865" endtime="20230820 17:50:04.865"/>
</kw>
<status status="PASS" starttime="20230820 17:50:04.865" endtime="20230820 17:50:04.865"/>
</test>
<test id="s1-s1-t13" name="TC1 899 Zip-Front Jacket with Contrast Piping" line="6">
<kw name="TC1">
<arg>Zip-Front Jacket with Contrast Piping</arg>
<kw name="Log" library="BuiltIn">
<arg>${Product_Name}</arg>
<doc>Logs the given message with the given level.</doc>
<msg timestamp="20230820 17:50:04.880" level="INFO">Zip-Front Jacket with Contrast Piping</msg>
<status status="PASS" starttime="20230820 17:50:04.880" endtime="20230820 17:50:04.880"/>
</kw>
<status status="PASS" starttime="20230820 17:50:04.880" endtime="20230820 17:50:04.880"/>
</kw>
<status status="PASS" starttime="20230820 17:50:04.865" endtime="20230820 17:50:04.880"/>
</test>
<test id="s1-s1-t14" name="TC1 11399 Short Boxy Puffer Jacket" line="6">
<kw name="TC1">
<arg>Short Boxy Puffer Jacket</arg>
<kw name="Log" library="BuiltIn">
<arg>${Product_Name}</arg>
<doc>Logs the given message with the given level.</doc>
<msg timestamp="20230820 17:50:04.880" level="INFO">Short Boxy Puffer Jacket</msg>
<status status="PASS" starttime="20230820 17:50:04.880" endtime="20230820 17:50:04.880"/>
</kw>
<status status="PASS" starttime="20230820 17:50:04.880" endtime="20230820 17:50:04.880"/>
</kw>
<status status="PASS" starttime="20230820 17:50:04.880" endtime="20230820 17:50:04.880"/>
</test>
<test id="s1-s1-t15" name="TC1 735 Colourblock Zip-Front Jacket with Slip Pockets" line="6">
<kw name="TC1">
<arg>Colourblock Zip-Front Jacket with Slip Pockets</arg>
<kw name="Log" library="BuiltIn">
<arg>${Product_Name}</arg>
<doc>Logs the given message with the given level.</doc>
<msg timestamp="20230820 17:50:04.880" level="INFO">Colourblock Zip-Front Jacket with Slip Pockets</msg>
<status status="PASS" starttime="20230820 17:50:04.880" endtime="20230820 17:50:04.880"/>
</kw>
<status status="PASS" starttime="20230820 17:50:04.880" endtime="20230820 17:50:04.880"/>
</kw>
<status status="PASS" starttime="20230820 17:50:04.880" endtime="20230820 17:50:04.880"/>
</test>
<test id="s1-s1-t16" name="TC1 2309 Zip-Front Bomber Jacket" line="6">
<kw name="TC1">
<arg>Zip-Front Bomber Jacket</arg>
<kw name="Log" library="BuiltIn">
<arg>${Product_Name}</arg>
<doc>Logs the given message with the given level.</doc>
<msg timestamp="20230820 17:50:04.896" level="INFO">Zip-Front Bomber Jacket</msg>
<status status="PASS" starttime="20230820 17:50:04.896" endtime="20230820 17:50:04.896"/>
</kw>
<status status="PASS" starttime="20230820 17:50:04.880" endtime="20230820 17:50:04.896"/>
</kw>
<status status="PASS" starttime="20230820 17:50:04.880" endtime="20230820 17:50:04.896"/>
</test>
<test id="s1-s1-t17" name="TC1 396 Zip-Front Bomber Jacket with Welt Pockets" line="6">
<kw name="TC1">
<arg>Zip-Front Bomber Jacket with Welt Pockets</arg>
<kw name="Log" library="BuiltIn">
<arg>${Product_Name}</arg>
<doc>Logs the given message with the given level.</doc>
<msg timestamp="20230820 17:50:04.896" level="INFO">Zip-Front Bomber Jacket with Welt Pockets</msg>
<status status="PASS" starttime="20230820 17:50:04.896" endtime="20230820 17:50:04.896"/>
</kw>
<status status="PASS" starttime="20230820 17:50:04.896" endtime="20230820 17:50:04.896"/>
</kw>
<status status="PASS" starttime="20230820 17:50:04.896" endtime="20230820 17:50:04.896"/>
</test>
<test id="s1-s1-t18" name="TC1 980 Zip-Front Puffer Jacket" line="6">
<kw name="TC1">
<arg>Zip-Front Puffer Jacket</arg>
<kw name="Log" library="BuiltIn">
<arg>${Product_Name}</arg>
<doc>Logs the given message with the given level.</doc>
<msg timestamp="20230820 17:50:04.896" level="INFO">Zip-Front Puffer Jacket</msg>
<status status="PASS" starttime="20230820 17:50:04.896" endtime="20230820 17:50:04.896"/>
</kw>
<status status="PASS" starttime="20230820 17:50:04.896" endtime="20230820 17:50:04.896"/>
</kw>
<status status="PASS" starttime="20230820 17:50:04.896" endtime="20230820 17:50:04.896"/>
</test>
<test id="s1-s1-t19" name="TC1 1715 Quilted PFR Slim Fit Bomber Jacket" line="6">
<kw name="TC1">
<arg>Quilted PFR Slim Fit Bomber Jacket</arg>
<kw name="Log" library="BuiltIn">
<arg>${Product_Name}</arg>
<doc>Logs the given message with the given level.</doc>
<msg timestamp="20230820 17:50:04.912" level="INFO">Quilted PFR Slim Fit Bomber Jacket</msg>
<status status="PASS" starttime="20230820 17:50:04.912" endtime="20230820 17:50:04.912"/>
</kw>
<status status="PASS" starttime="20230820 17:50:04.912" endtime="20230820 17:50:04.912"/>
</kw>
<status status="PASS" starttime="20230820 17:50:04.896" endtime="20230820 17:50:04.912"/>
</test>
<test id="s1-s1-t20" name="TC1 1715 Slim Fit Zip-Front Biker Jacket" line="6">
<kw name="TC1">
<arg>Slim Fit Zip-Front Biker Jacket</arg>
<kw name="Log" library="BuiltIn">
<arg>${Product_Name}</arg>
<doc>Logs the given message with the given level.</doc>
<msg timestamp="20230820 17:50:04.912" level="INFO">Slim Fit Zip-Front Biker Jacket</msg>
<status status="PASS" starttime="20230820 17:50:04.912" endtime="20230820 17:50:04.912"/>
</kw>
<status status="PASS" starttime="20230820 17:50:04.912" endtime="20230820 17:50:04.912"/>
</kw>
<status status="PASS" starttime="20230820 17:50:04.912" endtime="20230820 17:50:04.912"/>
</test>
<test id="s1-s1-t21" name="TC1 1241 Genuine Leather Zip-Front Bomber Jacket" line="6">
<kw name="TC1">
<arg>Genuine Leather Zip-Front Bomber Jacket</arg>
<kw name="Log" library="BuiltIn">
<arg>${Product_Name}</arg>
<doc>Logs the given message with the given level.</doc>
<msg timestamp="20230820 17:50:04.912" level="INFO">Genuine Leather Zip-Front Bomber Jacket</msg>
<status status="PASS" starttime="20230820 17:50:04.912" endtime="20230820 17:50:04.912"/>
</kw>
<status status="PASS" starttime="20230820 17:50:04.912" endtime="20230820 17:50:04.912"/>
</kw>
<status status="PASS" starttime="20230820 17:50:04.912" endtime="20230820 17:50:04.912"/>
</test>
<test id="s1-s1-t22" name="TC1 1715 Slim Fit Zip-Front Biker Jacket" line="6">
<kw name="TC1">
<arg>Slim Fit Zip-Front Biker Jacket</arg>
<kw name="Log" library="BuiltIn">
<arg>${Product_Name}</arg>
<doc>Logs the given message with the given level.</doc>
<msg timestamp="20230820 17:50:04.927" level="INFO">Slim Fit Zip-Front Biker Jacket</msg>
<status status="PASS" starttime="20230820 17:50:04.927" endtime="20230820 17:50:04.927"/>
</kw>
<status status="PASS" starttime="20230820 17:50:04.927" endtime="20230820 17:50:04.927"/>
</kw>
<status status="PASS" starttime="20230820 17:50:04.912" endtime="20230820 17:50:04.927"/>
</test>
<test id="s1-s1-t23" name="TC1 1530 Biker Jacket with Flap Pockets" line="6">
<kw name="TC1">
<arg>Biker Jacket with Flap Pockets</arg>
<kw name="Log" library="BuiltIn">
<arg>${Product_Name}</arg>
<doc>Logs the given message with the given level.</doc>
<msg timestamp="20230820 17:50:04.927" level="INFO">Biker Jacket with Flap Pockets</msg>
<status status="PASS" starttime="20230820 17:50:04.927" endtime="20230820 17:50:04.927"/>
</kw>
<status status="PASS" starttime="20230820 17:50:04.927" endtime="20230820 17:50:04.927"/>
</kw>
<status status="PASS" starttime="20230820 17:50:04.927" endtime="20230820 17:50:04.927"/>
</test>
<test id="s1-s1-t24" name="TC1 1655 High-Neck Bomber Jacket" line="6">
<kw name="TC1">
<arg>High-Neck Bomber Jacket</arg>
<kw name="Log" library="BuiltIn">
<arg>${Product_Name}</arg>
<doc>Logs the given message with the given level.</doc>
<msg timestamp="20230820 17:50:04.927" level="INFO">High-Neck Bomber Jacket</msg>
<status status="PASS" starttime="20230820 17:50:04.927" endtime="20230820 17:50:04.927"/>
</kw>
<status status="PASS" starttime="20230820 17:50:04.927" endtime="20230820 17:50:04.927"/>
</kw>
<status status="PASS" starttime="20230820 17:50:04.927" endtime="20230820 17:50:04.927"/>
</test>
<test id="s1-s1-t25" name="TC1 4976 Us men jackets dark grey s" line="6">
<kw name="TC1">
<arg>Us men jackets dark grey s</arg>
<kw name="Log" library="BuiltIn">
<arg>${Product_Name}</arg>
<doc>Logs the given message with the given level.</doc>
<msg timestamp="20230820 17:50:04.943" level="INFO">Us men jackets dark grey s</msg>
<status status="PASS" starttime="20230820 17:50:04.943" endtime="20230820 17:50:04.943"/>
</kw>
<status status="PASS" starttime="20230820 17:50:04.943" endtime="20230820 17:50:04.943"/>
</kw>
<status status="PASS" starttime="20230820 17:50:04.927" endtime="20230820 17:50:04.943"/>
</test>
<test id="s1-s1-t26" name="TC1 396 Typographic Print Zip-Front Bomber Jacket" line="6">
<kw name="TC1">
<arg>Typographic Print Zip-Front Bomber Jacket</arg>
<kw name="Log" library="BuiltIn">
<arg>${Product_Name}</arg>
<doc>Logs the given message with the given level.</doc>
<msg timestamp="20230820 17:50:04.943" level="INFO">Typographic Print Zip-Front Bomber Jacket</msg>
<status status="PASS" starttime="20230820 17:50:04.943" endtime="20230820 17:50:04.943"/>
</kw>
<status status="PASS" starttime="20230820 17:50:04.943" endtime="20230820 17:50:04.943"/>
</kw>
<status status="PASS" starttime="20230820 17:50:04.943" endtime="20230820 17:50:04.943"/>
</test>
<test id="s1-s1-t27" name="TC1 13499 Vintage Suikajan Black Jacket" line="6">
<kw name="TC1">
<arg>Vintage Suikajan Black Jacket</arg>
<kw name="Log" library="BuiltIn">
<arg>${Product_Name}</arg>
<doc>Logs the given message with the given level.</doc>
<msg timestamp="20230820 17:50:04.959" level="INFO">Vintage Suikajan Black Jacket</msg>
<status status="PASS" starttime="20230820 17:50:04.959" endtime="20230820 17:50:04.959"/>
</kw>
<status status="PASS" starttime="20230820 17:50:04.943" endtime="20230820 17:50:04.959"/>
</kw>
<status status="PASS" starttime="20230820 17:50:04.943" endtime="20230820 17:50:04.959"/>
</test>
<test id="s1-s1-t28" name="TC1 396 Cotton Tapered Bomber Jacket" line="6">
<kw name="TC1">
<arg>Cotton Tapered Bomber Jacket</arg>
<kw name="Log" library="BuiltIn">
<arg>${Product_Name}</arg>
<doc>Logs the given message with the given level.</doc>
<msg timestamp="20230820 17:50:04.959" level="INFO">Cotton Tapered Bomber Jacket</msg>
<status status="PASS" starttime="20230820 17:50:04.959" endtime="20230820 17:50:04.959"/>
</kw>
<status status="PASS" starttime="20230820 17:50:04.959" endtime="20230820 17:50:04.959"/>
</kw>
<status status="PASS" starttime="20230820 17:50:04.959" endtime="20230820 17:50:04.959"/>
</test>
<test id="s1-s1-t29" name="TC1 1617 Panelled Slim Fit Zip-Front Jacket" line="6">
<kw name="TC1">
<arg>Panelled Slim Fit Zip-Front Jacket</arg>
<kw name="Log" library="BuiltIn">
<arg>${Product_Name}</arg>
<doc>Logs the given message with the given level.</doc>
<msg timestamp="20230820 17:50:04.959" level="INFO">Panelled Slim Fit Zip-Front Jacket</msg>
<status status="PASS" starttime="20230820 17:50:04.959" endtime="20230820 17:50:04.959"/>
</kw>
<status status="PASS" starttime="20230820 17:50:04.959" endtime="20230820 17:50:04.959"/>
</kw>
<status status="PASS" starttime="20230820 17:50:04.959" endtime="20230820 17:50:04.959"/>
</test>
<test id="s1-s1-t30" name="TC1 9599 Vintage Varsity Cord Bomber Jacket" line="6">
<kw name="TC1">
<arg>Vintage Varsity Cord Bomber Jacket</arg>
<kw name="Log" library="BuiltIn">
<arg>${Product_Name}</arg>
<doc>Logs the given message with the given level.</doc>
<msg timestamp="20230820 17:50:04.976" level="INFO">Vintage Varsity Cord Bomber Jacket</msg>
<status status="PASS" starttime="20230820 17:50:04.976" endtime="20230820 17:50:04.976"/>
</kw>
<status status="PASS" starttime="20230820 17:50:04.959" endtime="20230820 17:50:04.976"/>
</kw>
<status status="PASS" starttime="20230820 17:50:04.959" endtime="20230820 17:50:04.976"/>
</test>
<test id="s1-s1-t31" name="TC1 396 Zip-Front Bomber Jacket with Welt Pockets" line="6">
<kw name="TC1">
<arg>Zip-Front Bomber Jacket with Welt Pockets</arg>
<kw name="Log" library="BuiltIn">
<arg>${Product_Name}</arg>
<doc>Logs the given message with the given level.</doc>
<msg timestamp="20230820 17:50:04.976" level="INFO">Zip-Front Bomber Jacket with Welt Pockets</msg>
<status status="PASS" starttime="20230820 17:50:04.976" endtime="20230820 17:50:04.976"/>
</kw>
<status status="PASS" starttime="20230820 17:50:04.976" endtime="20230820 17:50:04.976"/>
</kw>
<status status="PASS" starttime="20230820 17:50:04.976" endtime="20230820 17:50:04.976"/>
</test>
<test id="s1-s1-t32" name="TC1 2000 Zip-Front Puffer Jacket" line="6">
<kw name="TC1">
<arg>Zip-Front Puffer Jacket</arg>
<kw name="Log" library="BuiltIn">
<arg>${Product_Name}</arg>
<doc>Logs the given message with the given level.</doc>
<msg timestamp="20230820 17:50:04.976" level="INFO">Zip-Front Puffer Jacket</msg>
<status status="PASS" starttime="20230820 17:50:04.976" endtime="20230820 17:50:04.976"/>
</kw>
<status status="PASS" starttime="20230820 17:50:04.976" endtime="20230820 17:50:04.976"/>
</kw>
<status status="PASS" starttime="20230820 17:50:04.976" endtime="20230820 17:50:04.976"/>
</test>
<test id="s1-s1-t33" name="TC1 777 Zip-Front High-Neck Bomber Jacket" line="6">
<kw name="TC1">
<arg>Zip-Front High-Neck Bomber Jacket</arg>
<kw name="Log" library="BuiltIn">
<arg>${Product_Name}</arg>
<doc>Logs the given message with the given level.</doc>
<msg timestamp="20230820 17:50:04.990" level="INFO">Zip-Front High-Neck Bomber Jacket</msg>
<status status="PASS" starttime="20230820 17:50:04.990" endtime="20230820 17:50:04.990"/>
</kw>
<status status="PASS" starttime="20230820 17:50:04.990" endtime="20230820 17:50:04.990"/>
</kw>
<status status="PASS" starttime="20230820 17:50:04.990" endtime="20230820 17:50:04.990"/>
</test>
<test id="s1-s1-t34" name="TC1 1260 Denim Flap Pockets Jacket" line="6">
<kw name="TC1">
<arg>Denim Flap Pockets Jacket</arg>
<kw name="Log" library="BuiltIn">
<arg>${Product_Name}</arg>
<doc>Logs the given message with the given level.</doc>
<msg timestamp="20230820 17:50:04.990" level="INFO">Denim Flap Pockets Jacket</msg>
<status status="PASS" starttime="20230820 17:50:04.990" endtime="20230820 17:50:04.990"/>
</kw>
<status status="PASS" starttime="20230820 17:50:04.990" endtime="20230820 17:50:04.990"/>
</kw>
<status status="PASS" starttime="20230820 17:50:04.990" endtime="20230820 17:50:04.990"/>
</test>
<test id="s1-s1-t35" name="TC1 1617 Track Jacket with Chest Logo Applique" line="6">
<kw name="TC1">
<arg>Track Jacket with Chest Logo Applique</arg>
<kw name="Log" library="BuiltIn">
<arg>${Product_Name}</arg>
<doc>Logs the given message with the given level.</doc>
<msg timestamp="20230820 17:50:05.006" level="INFO">Track Jacket with Chest Logo Applique</msg>
<status status="PASS" starttime="20230820 17:50:05.006" endtime="20230820 17:50:05.006"/>
</kw>
<status status="PASS" starttime="20230820 17:50:05.006" endtime="20230820 17:50:05.006"/>
</kw>
<status status="PASS" starttime="20230820 17:50:05.006" endtime="20230820 17:50:05.006"/>
</test>
<test id="s1-s1-t36" name="TC1 630 Zip-Front Jacket with Pockets" line="6">
<kw name="TC1">
<arg>Zip-Front Jacket with Pockets</arg>
<kw name="Log" library="BuiltIn">
<arg>${Product_Name}</arg>
<doc>Logs the given message with the given level.</doc>
<msg timestamp="20230820 17:50:05.006" level="INFO">Zip-Front Jacket with Pockets</msg>
<status status="PASS" starttime="20230820 17:50:05.006" endtime="20230820 17:50:05.006"/>
</kw>
<status status="PASS" starttime="20230820 17:50:05.006" endtime="20230820 17:50:05.006"/>
</kw>
<status status="PASS" starttime="20230820 17:50:05.006" endtime="20230820 17:50:05.006"/>
</test>
<test id="s1-s1-t37" name="TC1 899 Zip-Front Jacket with Contrast Piping" line="6">
<kw name="TC1">
<arg>Zip-Front Jacket with Contrast Piping</arg>
<kw name="Log" library="BuiltIn">
<arg>${Product_Name}</arg>
<doc>Logs the given message with the given level.</doc>
<msg timestamp="20230820 17:50:05.021" level="INFO">Zip-Front Jacket with Contrast Piping</msg>
<status status="PASS" starttime="20230820 17:50:05.021" endtime="20230820 17:50:05.021"/>
</kw>
<status status="PASS" starttime="20230820 17:50:05.021" endtime="20230820 17:50:05.021"/>
</kw>
<status status="PASS" starttime="20230820 17:50:05.021" endtime="20230820 17:50:05.021"/>
</test>
<test id="s1-s1-t38" name="TC1 1800 Packable Ultralight Puffer Jacket" line="6">
<kw name="TC1">
<arg>Packable Ultralight Puffer Jacket</arg>
<kw name="Log" library="BuiltIn">
<arg>${Product_Name}</arg>
<doc>Logs the given message with the given level.</doc>
<msg timestamp="20230820 17:50:05.021" level="INFO">Packable Ultralight Puffer Jacket</msg>
<status status="PASS" starttime="20230820 17:50:05.021" endtime="20230820 17:50:05.021"/>
</kw>
<status status="PASS" starttime="20230820 17:50:05.021" endtime="20230820 17:50:05.021"/>
</kw>
<status status="PASS" starttime="20230820 17:50:05.021" endtime="20230820 17:50:05.021"/>
</test>
<test id="s1-s1-t39" name="TC1 3419 High-Neck Jacket with Button-Flap Pockets" line="6">
<kw name="TC1">
<arg>High-Neck Jacket with Button-Flap Pockets</arg>
<kw name="Log" library="BuiltIn">
<arg>${Product_Name}</arg>
<doc>Logs the given message with the given level.</doc>
<msg timestamp="20230820 17:50:05.037" level="INFO">High-Neck Jacket with Button-Flap Pockets</msg>
<status status="PASS" starttime="20230820 17:50:05.037" endtime="20230820 17:50:05.037"/>
</kw>
<status status="PASS" starttime="20230820 17:50:05.037" endtime="20230820 17:50:05.037"/>
</kw>
<status status="PASS" starttime="20230820 17:50:05.037" endtime="20230820 17:50:05.037"/>
</test>
<test id="s1-s1-t40" name="TC1 570 Printed Zip-Front Bomber Jacket" line="6">
<kw name="TC1">
<arg>Printed Zip-Front Bomber Jacket</arg>
<kw name="Log" library="BuiltIn">
<arg>${Product_Name}</arg>
<doc>Logs the given message with the given level.</doc>
<msg timestamp="20230820 17:50:05.037" level="INFO">Printed Zip-Front Bomber Jacket</msg>
<status status="PASS" starttime="20230820 17:50:05.037" endtime="20230820 17:50:05.037"/>
</kw>
<status status="PASS" starttime="20230820 17:50:05.037" endtime="20230820 17:50:05.037"/>
</kw>
<status status="PASS" starttime="20230820 17:50:05.037" endtime="20230820 17:50:05.037"/>
</test>
<test id="s1-s1-t41" name="TC1 1192 Zip-Front Puffer Hoodie" line="6">
<kw name="TC1">
<arg>Zip-Front Puffer Hoodie</arg>
<kw name="Log" library="BuiltIn">
<arg>${Product_Name}</arg>
<doc>Logs the given message with the given level.</doc>
<msg timestamp="20230820 17:50:05.037" level="INFO">Zip-Front Puffer Hoodie</msg>
<status status="PASS" starttime="20230820 17:50:05.037" endtime="20230820 17:50:05.037"/>
</kw>
<status status="PASS" starttime="20230820 17:50:05.037" endtime="20230820 17:50:05.053"/>
</kw>
<status status="PASS" starttime="20230820 17:50:05.037" endtime="20230820 17:50:05.053"/>
</test>
<test id="s1-s1-t42" name="TC1 2700 Zip-Front Slim Fit Bomber Jacket" line="6">
<kw name="TC1">
<arg>Zip-Front Slim Fit Bomber Jacket</arg>
<kw name="Log" library="BuiltIn">
<arg>${Product_Name}</arg>
<doc>Logs the given message with the given level.</doc>
<msg timestamp="20230820 17:50:05.053" level="INFO">Zip-Front Slim Fit Bomber Jacket</msg>
<status status="PASS" starttime="20230820 17:50:05.053" endtime="20230820 17:50:05.053"/>
</kw>
<status status="PASS" starttime="20230820 17:50:05.053" endtime="20230820 17:50:05.053"/>
</kw>
<status status="PASS" starttime="20230820 17:50:05.053" endtime="20230820 17:50:05.053"/>
</test>
<test id="s1-s1-t43" name="TC1 1617 Genuine Leather Printed Slim Fit Bomber Jacket" line="6">
<kw name="TC1">
<arg>Genuine Leather Printed Slim Fit Bomber Jacket</arg>
<kw name="Log" library="BuiltIn">
<arg>${Product_Name}</arg>
<doc>Logs the given message with the given level.</doc>
<msg timestamp="20230820 17:50:05.053" level="INFO">Genuine Leather Printed Slim Fit Bomber Jacket</msg>
<status status="PASS" starttime="20230820 17:50:05.053" endtime="20230820 17:50:05.053"/>
</kw>
<status status="PASS" starttime="20230820 17:50:05.053" endtime="20230820 17:50:05.053"/>
</kw>
<status status="PASS" starttime="20230820 17:50:05.053" endtime="20230820 17:50:05.053"/>
</test>
<test id="s1-s1-t44" name="TC1 2864 Hooded Bomber Jacket with Insert Pockets" line="6">
<kw name="TC1">
<arg>Hooded Bomber Jacket with Insert Pockets</arg>
<kw name="Log" library="BuiltIn">
<arg>${Product_Name}</arg>
<doc>Logs the given message with the given level.</doc>
<msg timestamp="20230820 17:50:05.068" level="INFO">Hooded Bomber Jacket with Insert Pockets</msg>
<status status="PASS" starttime="20230820 17:50:05.068" endtime="20230820 17:50:05.068"/>
</kw>
<status status="PASS" starttime="20230820 17:50:05.053" endtime="20230820 17:50:05.068"/>
</kw>
<status status="PASS" starttime="20230820 17:50:05.053" endtime="20230820 17:50:05.068"/>
</test>
<test id="s1-s1-t45" name="TC1 385 Slim Fit Quilted Puffer Jacket" line="6">
<kw name="TC1">
<arg>Slim Fit Quilted Puffer Jacket</arg>
<kw name="Log" library="BuiltIn">
<arg>${Product_Name}</arg>
<doc>Logs the given message with the given level.</doc>
<msg timestamp="20230820 17:50:05.068" level="INFO">Slim Fit Quilted Puffer Jacket</msg>
<status status="PASS" starttime="20230820 17:50:05.068" endtime="20230820 17:50:05.068"/>
</kw>
<status status="PASS" starttime="20230820 17:50:05.068" endtime="20230820 17:50:05.068"/>
</kw>
<status status="PASS" starttime="20230820 17:50:05.068" endtime="20230820 17:50:05.068"/>
</test>
<test id="s1-s1-t46" name="TC1 1800 Quilted Packable ultralight jacket" line="6">
<kw name="TC1">
<arg>Quilted Packable ultralight jacket</arg>
<kw name="Log" library="BuiltIn">
<arg>${Product_Name}</arg>
<doc>Logs the given message with the given level.</doc>
<msg timestamp="20230820 17:50:05.068" level="INFO">Quilted Packable ultralight jacket</msg>
<status status="PASS" starttime="20230820 17:50:05.068" endtime="20230820 17:50:05.068"/>
</kw>
<status status="PASS" starttime="20230820 17:50:05.068" endtime="20230820 17:50:05.068"/>
</kw>
<status status="PASS" starttime="20230820 17:50:05.068" endtime="20230820 17:50:05.068"/>
</test>
<test id="s1-s1-t47" name="TC1 1700 Camouflage Print Hooded Jacket" line="6">
<kw name="TC1">
<arg>Camouflage Print Hooded Jacket</arg>
<kw name="Log" library="BuiltIn">
<arg>${Product_Name}</arg>
<doc>Logs the given message with the given level.</doc>
<msg timestamp="20230820 17:50:05.084" level="INFO">Camouflage Print Hooded Jacket</msg>
<status status="PASS" starttime="20230820 17:50:05.068" endtime="20230820 17:50:05.084"/>
</kw>
<status status="PASS" starttime="20230820 17:50:05.068" endtime="20230820 17:50:05.084"/>
</kw>
<status status="PASS" starttime="20230820 17:50:05.068" endtime="20230820 17:50:05.084"/>
</test>
<test id="s1-s1-t48" name="TC1 2100 Slim Fit Zip-Front Biker Jacket" line="6">
<kw name="TC1">
<arg>Slim Fit Zip-Front Biker Jacket</arg>
<kw name="Log" library="BuiltIn">
<arg>${Product_Name}</arg>
<doc>Logs the given message with the given level.</doc>
<msg timestamp="20230820 17:50:05.084" level="INFO">Slim Fit Zip-Front Biker Jacket</msg>
<status status="PASS" starttime="20230820 17:50:05.084" endtime="20230820 17:50:05.084"/>
</kw>
<status status="PASS" starttime="20230820 17:50:05.084" endtime="20230820 17:50:05.084"/>
</kw>
<status status="PASS" starttime="20230820 17:50:05.084" endtime="20230820 17:50:05.084"/>
</test>
<test id="s1-s1-t49" name="TC1 5034 Striped Zip-Front Hooded Bomber Jacket" line="6">
<kw name="TC1">
<arg>Striped Zip-Front Hooded Bomber Jacket</arg>
<kw name="Log" library="BuiltIn">
<arg>${Product_Name}</arg>
<doc>Logs the given message with the given level.</doc>
<msg timestamp="20230820 17:50:05.084" level="INFO">Striped Zip-Front Hooded Bomber Jacket</msg>
<status status="PASS" starttime="20230820 17:50:05.084" endtime="20230820 17:50:05.100"/>
</kw>
<status status="PASS" starttime="20230820 17:50:05.084" endtime="20230820 17:50:05.100"/>
</kw>
<status status="PASS" starttime="20230820 17:50:05.084" endtime="20230820 17:50:05.100"/>
</test>
<test id="s1-s1-t50" name="TC1 1800 Packable Ultralight Puffer Jacket" line="6">
<kw name="TC1">
<arg>Packable Ultralight Puffer Jacket</arg>
<kw name="Log" library="BuiltIn">
<arg>${Product_Name}</arg>
<doc>Logs the given message with the given level.</doc>
<msg timestamp="20230820 17:50:05.100" level="INFO">Packable Ultralight Puffer Jacket</msg>
<status status="PASS" starttime="20230820 17:50:05.100" endtime="20230820 17:50:05.100"/>
</kw>
<status status="PASS" starttime="20230820 17:50:05.100" endtime="20230820 17:50:05.100"/>
</kw>
<status status="PASS" starttime="20230820 17:50:05.100" endtime="20230820 17:50:05.100"/>
</test>
<test id="s1-s1-t51" name="TC1 10800 Typographic Print Reversible Jacket" line="6">
<kw name="TC1">
<arg>Typographic Print Reversible Jacket</arg>
<kw name="Log" library="BuiltIn">
<arg>${Product_Name}</arg>
<doc>Logs the given message with the given level.</doc>
<msg timestamp="20230820 17:50:05.100" level="INFO">Typographic Print Reversible Jacket</msg>
<status status="PASS" starttime="20230820 17:50:05.100" endtime="20230820 17:50:05.100"/>
</kw>
<status status="PASS" starttime="20230820 17:50:05.100" endtime="20230820 17:50:05.100"/>
</kw>
<status status="PASS" starttime="20230820 17:50:05.100" endtime="20230820 17:50:05.100"/>
</test>
<test id="s1-s1-t52" name="TC1 2609 Zip-Front Track Jacket with Insert Pockets" line="6">
<kw name="TC1">
<arg>Zip-Front Track Jacket with Insert Pockets</arg>
<kw name="Log" library="BuiltIn">
<arg>${Product_Name}</arg>
<doc>Logs the given message with the given level.</doc>
<msg timestamp="20230820 17:50:05.115" level="INFO">Zip-Front Track Jacket with Insert Pockets</msg>
<status status="PASS" starttime="20230820 17:50:05.115" endtime="20230820 17:50:05.115"/>
</kw>
<status status="PASS" starttime="20230820 17:50:05.115" endtime="20230820 17:50:05.115"/>
</kw>
<status status="PASS" starttime="20230820 17:50:05.100" endtime="20230820 17:50:05.115"/>
</test>
<test id="s1-s1-t53" name="TC1 1517 Zip-Front Bomber Jacket" line="6">
<kw name="TC1">
<arg>Zip-Front Bomber Jacket</arg>
<kw name="Log" library="BuiltIn">
<arg>${Product_Name}</arg>
<doc>Logs the given message with the given level.</doc>
<msg timestamp="20230820 17:50:05.115" level="INFO">Zip-Front Bomber Jacket</msg>
<status status="PASS" starttime="20230820 17:50:05.115" endtime="20230820 17:50:05.115"/>
</kw>
<status status="PASS" starttime="20230820 17:50:05.115" endtime="20230820 17:50:05.115"/>
</kw>
<status status="PASS" starttime="20230820 17:50:05.115" endtime="20230820 17:50:05.115"/>
</test>
<test id="s1-s1-t54" name="TC1 385 Colourblock Slim Fit Zip-Front Gillet" line="6">
<kw name="TC1">
<arg>Colourblock Slim Fit Zip-Front Gillet</arg>
<kw name="Log" library="BuiltIn">
<arg>${Product_Name}</arg>
<doc>Logs the given message with the given level.</doc>
<msg timestamp="20230820 17:50:05.115" level="INFO">Colourblock Slim Fit Zip-Front Gillet</msg>
<status status="PASS" starttime="20230820 17:50:05.115" endtime="20230820 17:50:05.115"/>
</kw>
<status status="PASS" starttime="20230820 17:50:05.115" endtime="20230820 17:50:05.115"/>
</kw>
<status status="PASS" starttime="20230820 17:50:05.115" endtime="20230820 17:50:05.131"/>
</test>
<test id="s1-s1-t55" name="TC1 884 Zip-Front Jacket with Detachable Hood" line="6">
<kw name="TC1">
<arg>Zip-Front Jacket with Detachable Hood</arg>
<kw name="Log" library="BuiltIn">
<arg>${Product_Name}</arg>
<doc>Logs the given message with the given level.</doc>
<msg timestamp="20230820 17:50:05.131" level="INFO">Zip-Front Jacket with Detachable Hood</msg>
<status status="PASS" starttime="20230820 17:50:05.131" endtime="20230820 17:50:05.131"/>
</kw>
<status status="PASS" starttime="20230820 17:50:05.131" endtime="20230820 17:50:05.131"/>
</kw>
<status status="PASS" starttime="20230820 17:50:05.131" endtime="20230820 17:50:05.131"/>
</test>
<test id="s1-s1-t56" name="TC1 1715 Genuine Leather Slim Fit Zip-Front Jacket" line="6">
<kw name="TC1">
<arg>Genuine Leather Slim Fit Zip-Front Jacket</arg>
<kw name="Log" library="BuiltIn">
<arg>${Product_Name}</arg>
<doc>Logs the given message with the given level.</doc>
<msg timestamp="20230820 17:50:05.131" level="INFO">Genuine Leather Slim Fit Zip-Front Jacket</msg>
<status status="PASS" starttime="20230820 17:50:05.131" endtime="20230820 17:50:05.131"/>
</kw>
<status status="PASS" starttime="20230820 17:50:05.131" endtime="20230820 17:50:05.146"/>
</kw>
<status status="PASS" starttime="20230820 17:50:05.131" endtime="20230820 17:50:05.146"/>
</test>
<test id="s1-s1-t57" name="TC1 525 Zip-Front Quilted Bomber Jacket" line="6">
<kw name="TC1">
<arg>Zip-Front Quilted Bomber Jacket</arg>
<kw name="Log" library="BuiltIn">
<arg>${Product_Name}</arg>
<doc>Logs the given message with the given level.</doc>
<msg timestamp="20230820 17:50:05.146" level="INFO">Zip-Front Quilted Bomber Jacket</msg>
<status status="PASS" starttime="20230820 17:50:05.146" endtime="20230820 17:50:05.146"/>
</kw>
<status status="PASS" starttime="20230820 17:50:05.146" endtime="20230820 17:50:05.146"/>
</kw>
<status status="PASS" starttime="20230820 17:50:05.146" endtime="20230820 17:50:05.146"/>
</test>
<test id="s1-s1-t58" name="TC1 1856 Geometric Print Zip-Front Jacket" line="6">
<kw name="TC1">
<arg>Geometric Print Zip-Front Jacket</arg>
<kw name="Log" library="BuiltIn">
<arg>${Product_Name}</arg>
<doc>Logs the given message with the given level.</doc>
<msg timestamp="20230820 17:50:05.146" level="INFO">Geometric Print Zip-Front Jacket</msg>
<status status="PASS" starttime="20230820 17:50:05.146" endtime="20230820 17:50:05.146"/>
</kw>
<status status="PASS" starttime="20230820 17:50:05.146" endtime="20230820 17:50:05.146"/>
</kw>
<status status="PASS" starttime="20230820 17:50:05.146" endtime="20230820 17:50:05.146"/>
</test>
<test id="s1-s1-t59" name="TC1 840 Dyed/Washed Jacket with Spread Collar" line="6">
<kw name="TC1">
<arg>Dyed/Washed Jacket with Spread Collar</arg>
<kw name="Log" library="BuiltIn">
<arg>${Product_Name}</arg>
<doc>Logs the given message with the given level.</doc>
<msg timestamp="20230820 17:50:05.162" level="INFO">Dyed/Washed Jacket with Spread Collar</msg>
<status status="PASS" starttime="20230820 17:50:05.162" endtime="20230820 17:50:05.162"/>
</kw>
<status status="PASS" starttime="20230820 17:50:05.162" endtime="20230820 17:50:05.162"/>
</kw>
<status status="PASS" starttime="20230820 17:50:05.146" endtime="20230820 17:50:05.162"/>
</test>
<test id="s1-s1-t60" name="TC1 1800 Packable Ultralight Puffer Jacket" line="6">
<kw name="TC1">
<arg>Packable Ultralight Puffer Jacket</arg>
<kw name="Log" library="BuiltIn">
<arg>${Product_Name}</arg>
<doc>Logs the given message with the given level.</doc>
<msg timestamp="20230820 17:50:05.162" level="INFO">Packable Ultralight Puffer Jacket</msg>
<status status="PASS" starttime="20230820 17:50:05.162" endtime="20230820 17:50:05.162"/>
</kw>
<status status="PASS" starttime="20230820 17:50:05.162" endtime="20230820 17:50:05.162"/>
</kw>
<status status="PASS" starttime="20230820 17:50:05.162" endtime="20230820 17:50:05.162"/>
</test>
<test id="s1-s1-t61" name="TC1 396 Zip-Front Bomber Jacket" line="6">
<kw name="TC1">
<arg>Zip-Front Bomber Jacket</arg>
<kw name="Log" library="BuiltIn">
<arg>${Product_Name}</arg>
<doc>Logs the given message with the given level.</doc>
<msg timestamp="20230820 17:50:05.162" level="INFO">Zip-Front Bomber Jacket</msg>
<status status="PASS" starttime="20230820 17:50:05.162" endtime="20230820 17:50:05.162"/>
</kw>
<status status="PASS" starttime="20230820 17:50:05.162" endtime="20230820 17:50:05.162"/>
</kw>
<status status="PASS" starttime="20230820 17:50:05.162" endtime="20230820 17:50:05.162"/>
</test>
<test id="s1-s1-t62" name="TC1 10799 Ultimate Windcheater Zip-Front Hooded Jacket" line="6">
<kw name="TC1">
<arg>Ultimate Windcheater Zip-Front Hooded Jacket</arg>
<kw name="Log" library="BuiltIn">
<arg>${Product_Name}</arg>
<doc>Logs the given message with the given level.</doc>
<msg timestamp="20230820 17:50:05.178" level="INFO">Ultimate Windcheater Zip-Front Hooded Jacket</msg>
<status status="PASS" starttime="20230820 17:50:05.178" endtime="20230820 17:50:05.178"/>
</kw>
<status status="PASS" starttime="20230820 17:50:05.178" endtime="20230820 17:50:05.178"/>
</kw>
<status status="PASS" starttime="20230820 17:50:05.162" endtime="20230820 17:50:05.178"/>
</test>
<test id="s1-s1-t63" name="TC1 960 Quilted Slim Fit Gillet" line="6">
<kw name="TC1">
<arg>Quilted Slim Fit Gillet</arg>
<kw name="Log" library="BuiltIn">
<arg>${Product_Name}</arg>
<doc>Logs the given message with the given level.</doc>
<msg timestamp="20230820 17:50:05.178" level="INFO">Quilted Slim Fit Gillet</msg>
<status status="PASS" starttime="20230820 17:50:05.178" endtime="20230820 17:50:05.178"/>
</kw>
<status status="PASS" starttime="20230820 17:50:05.178" endtime="20230820 17:50:05.178"/>
</kw>
<status status="PASS" starttime="20230820 17:50:05.178" endtime="20230820 17:50:05.178"/>
</test>
<test id="s1-s1-t64" name="TC1 845 High-Neck Biker Jacket with Zip Closure" line="6">
<kw name="TC1">
<arg>High-Neck Biker Jacket with Zip Closure</arg>
<kw name="Log" library="BuiltIn">
<arg>${Product_Name}</arg>
<doc>Logs the given message with the given level.</doc>
<msg timestamp="20230820 17:50:05.178" level="INFO">High-Neck Biker Jacket with Zip Closure</msg>
<status status="PASS" starttime="20230820 17:50:05.178" endtime="20230820 17:50:05.178"/>
</kw>
<status status="PASS" starttime="20230820 17:50:05.178" endtime="20230820 17:50:05.178"/>
</kw>
<status status="PASS" starttime="20230820 17:50:05.178" endtime="20230820 17:50:05.178"/>
</test>
<test id="s1-s1-t65" name="TC1 9799 Sports Puffer Zip-Front Hoodie" line="6">
<kw name="TC1">
<arg>Sports Puffer Zip-Front Hoodie</arg>
<kw name="Log" library="BuiltIn">
<arg>${Product_Name}</arg>
<doc>Logs the given message with the given level.</doc>
<msg timestamp="20230820 17:50:05.193" level="INFO">Sports Puffer Zip-Front Hoodie</msg>
<status status="PASS" starttime="20230820 17:50:05.193" endtime="20230820 17:50:05.193"/>
</kw>
<status status="PASS" starttime="20230820 17:50:05.193" endtime="20230820 17:50:05.193"/>
</kw>
<status status="PASS" starttime="20230820 17:50:05.178" endtime="20230820 17:50:05.193"/>
</test>
<test id="s1-s1-t66" name="TC1 1323 Zip-Front Slim Fit Biker Jacket" line="6">
<kw name="TC1">
<arg>Zip-Front Slim Fit Biker Jacket</arg>
<kw name="Log" library="BuiltIn">
<arg>${Product_Name}</arg>
<doc>Logs the given message with the given level.</doc>
<msg timestamp="20230820 17:50:05.193" level="INFO">Zip-Front Slim Fit Biker Jacket</msg>
<status status="PASS" starttime="20230820 17:50:05.193" endtime="20230820 17:50:05.193"/>
</kw>
<status status="PASS" starttime="20230820 17:50:05.193" endtime="20230820 17:50:05.193"/>
</kw>
<status status="PASS" starttime="20230820 17:50:05.193" endtime="20230820 17:50:05.193"/>
</test>
<test id="s1-s1-t67" name="TC1 1960 Colourblock Slim Fit Bomber Jacket" line="6">
<kw name="TC1">
<arg>Colourblock Slim Fit Bomber Jacket</arg>
<kw name="Log" library="BuiltIn">
<arg>${Product_Name}</arg>
<doc>Logs the given message with the given level.</doc>
<msg timestamp="20230820 17:50:05.193" level="INFO">Colourblock Slim Fit Bomber Jacket</msg>
<status status="PASS" starttime="20230820 17:50:05.193" endtime="20230820 17:50:05.193"/>
</kw>
<status status="PASS" starttime="20230820 17:50:05.193" endtime="20230820 17:50:05.193"/>
</kw>
<status status="PASS" starttime="20230820 17:50:05.193" endtime="20230820 17:50:05.193"/>
</test>
<test id="s1-s1-t68" name="TC1 396 Zip-Front Bomber Jacket with Welt Pockets" line="6">
<kw name="TC1">
<arg>Zip-Front Bomber Jacket with Welt Pockets</arg>
<kw name="Log" library="BuiltIn">
<arg>${Product_Name}</arg>
<doc>Logs the given message with the given level.</doc>
<msg timestamp="20230820 17:50:05.209" level="INFO">Zip-Front Bomber Jacket with Welt Pockets</msg>
<status status="PASS" starttime="20230820 17:50:05.209" endtime="20230820 17:50:05.209"/>
</kw>
<status status="PASS" starttime="20230820 17:50:05.209" endtime="20230820 17:50:05.209"/>
</kw>
<status status="PASS" starttime="20230820 17:50:05.209" endtime="20230820 17:50:05.209"/>
</test>
<test id="s1-s1-t69" name="TC1 1462 Leaf Print Zip-Front Hoodie" line="6">
<kw name="TC1">
<arg>Leaf Print Zip-Front Hoodie</arg>
<kw name="Log" library="BuiltIn">
<arg>${Product_Name}</arg>
<doc>Logs the given message with the given level.</doc>
<msg timestamp="20230820 17:50:05.209" level="INFO">Leaf Print Zip-Front Hoodie</msg>
<status status="PASS" starttime="20230820 17:50:05.209" endtime="20230820 17:50:05.209"/>
</kw>
<status status="PASS" starttime="20230820 17:50:05.209" endtime="20230820 17:50:05.209"/>
</kw>
<status status="PASS" starttime="20230820 17:50:05.209" endtime="20230820 17:50:05.209"/>
</test>
<test id="s1-s1-t70" name="TC1 833 Quilted Zip-Front Gilet" line="6">
<kw name="TC1">
<arg>Quilted Zip-Front Gilet</arg>
<kw name="Log" library="BuiltIn">
<arg>${Product_Name}</arg>
<doc>Logs the given message with the given level.</doc>
<msg timestamp="20230820 17:50:05.225" level="INFO">Quilted Zip-Front Gilet</msg>
<status status="PASS" starttime="20230820 17:50:05.225" endtime="20230820 17:50:05.225"/>
</kw>
<status status="PASS" starttime="20230820 17:50:05.225" endtime="20230820 17:50:05.225"/>
</kw>
<status status="PASS" starttime="20230820 17:50:05.209" endtime="20230820 17:50:05.225"/>
</test>
<test id="s1-s1-t71" name="TC1 910 Jacket with Insert Pockets" line="6">
<kw name="TC1">
<arg>Jacket with Insert Pockets</arg>
<kw name="Log" library="BuiltIn">
<arg>${Product_Name}</arg>
<doc>Logs the given message with the given level.</doc>
<msg timestamp="20230820 17:50:05.225" level="INFO">Jacket with Insert Pockets</msg>
<status status="PASS" starttime="20230820 17:50:05.225" endtime="20230820 17:50:05.225"/>
</kw>
<status status="PASS" starttime="20230820 17:50:05.225" endtime="20230820 17:50:05.225"/>
</kw>
<status status="PASS" starttime="20230820 17:50:05.225" endtime="20230820 17:50:05.225"/>
</test>
<test id="s1-s1-t72" name="TC1 1800 Packable Ultralight Puffer Jacket" line="6">
<kw name="TC1">
<arg>Packable Ultralight Puffer Jacket</arg>
<kw name="Log" library="BuiltIn">
<arg>${Product_Name}</arg>
<doc>Logs the given message with the given level.</doc>
<msg timestamp="20230820 17:50:05.225" level="INFO">Packable Ultralight Puffer Jacket</msg>
<status status="PASS" starttime="20230820 17:50:05.225" endtime="20230820 17:50:05.225"/>
</kw>
<status status="PASS" starttime="20230820 17:50:05.225" endtime="20230820 17:50:05.225"/>
</kw>
<status status="PASS" starttime="20230820 17:50:05.225" endtime="20230820 17:50:05.225"/>
</test>
<test id="s1-s1-t73" name="TC1 1960 Genuine Leather Slim Fit Heavy Puffer Hoodie Jacket" line="6">
<kw name="TC1">
<arg>Genuine Leather Slim Fit Heavy Puffer Hoodie Jacket</arg>
<kw name="Log" library="BuiltIn">
<arg>${Product_Name}</arg>
<doc>Logs the given message with the given level.</doc>
<msg timestamp="20230820 17:50:05.240" level="INFO">Genuine Leather Slim Fit Heavy Puffer Hoodie Jacket</msg>
<status status="PASS" starttime="20230820 17:50:05.240" endtime="20230820 17:50:05.240"/>
</kw>
<status status="PASS" starttime="20230820 17:50:05.240" endtime="20230820 17:50:05.240"/>
</kw>
<status status="PASS" starttime="20230820 17:50:05.240" endtime="20230820 17:50:05.240"/>
</test>
<test id="s1-s1-t74" name="TC1 525 Quilted Zip-Front Slim Fit Jacket" line="6">
<kw name="TC1">
<arg>Quilted Zip-Front Slim Fit Jacket</arg>
<kw name="Log" library="BuiltIn">
<arg>${Product_Name}</arg>
<doc>Logs the given message with the given level.</doc>
<msg timestamp="20230820 17:50:05.240" level="INFO">Quilted Zip-Front Slim Fit Jacket</msg>
<status status="PASS" starttime="20230820 17:50:05.240" endtime="20230820 17:50:05.240"/>
</kw>
<status status="PASS" starttime="20230820 17:50:05.240" endtime="20230820 17:50:05.240"/>
</kw>
<status status="PASS" starttime="20230820 17:50:05.240" endtime="20230820 17:50:05.240"/>
</test>
<test id="s1-s1-t75" name="TC1 616 Washed Full Sleeves Trucker Jacket with Buttoned Flap Pockets" line="6">
<kw name="TC1">
<arg>Washed Full Sleeves Trucker Jacket with Buttoned Flap Pockets</arg>
<kw name="Log" library="BuiltIn">
<arg>${Product_Name}</arg>
<doc>Logs the given message with the given level.</doc>
<msg timestamp="20230820 17:50:05.256" level="INFO">Washed Full Sleeves Trucker Jacket with Buttoned Flap Pockets</msg>
<status status="PASS" starttime="20230820 17:50:05.240" endtime="20230820 17:50:05.256"/>
</kw>
<status status="PASS" starttime="20230820 17:50:05.240" endtime="20230820 17:50:05.256"/>
</kw>
<status status="PASS" starttime="20230820 17:50:05.240" endtime="20230820 17:50:05.256"/>
</test>
<test id="s1-s1-t76" name="TC1 616 Washed Full Sleeves Trucker Jacket with Buttoned Flap Pockets" line="6">
<kw name="TC1">
<arg>Washed Full Sleeves Trucker Jacket with Buttoned Flap Pockets</arg>
<kw name="Log" library="BuiltIn">
<arg>${Product_Name}</arg>
<doc>Logs the given message with the given level.</doc>
<msg timestamp="20230820 17:50:05.256" level="INFO">Washed Full Sleeves Trucker Jacket with Buttoned Flap Pockets</msg>
<status status="PASS" starttime="20230820 17:50:05.256" endtime="20230820 17:50:05.256"/>
</kw>
<status status="PASS" starttime="20230820 17:50:05.256" endtime="20230820 17:50:05.256"/>
</kw>
<status status="PASS" starttime="20230820 17:50:05.256" endtime="20230820 17:50:05.256"/>
</test>
<test id="s1-s1-t77" name="TC1 1960 Slim Fit Zip-Front Bomber Jacket" line="6">
<kw name="TC1">
<arg>Slim Fit Zip-Front Bomber Jacket</arg>
<kw name="Log" library="BuiltIn">
<arg>${Product_Name}</arg>
<doc>Logs the given message with the given level.</doc>
<msg timestamp="20230820 17:50:05.256" level="INFO">Slim Fit Zip-Front Bomber Jacket</msg>
<status status="PASS" starttime="20230820 17:50:05.256" endtime="20230820 17:50:05.256"/>
</kw>
<status status="PASS" starttime="20230820 17:50:05.256" endtime="20230820 17:50:05.256"/>
</kw>
<status status="PASS" starttime="20230820 17:50:05.256" endtime="20230820 17:50:05.256"/>
</test>
<test id="s1-s1-t78" name="TC1 4352 Printed Zip-Front Hooded Jacket" line="6">
<kw name="TC1">
<arg>Printed Zip-Front Hooded Jacket</arg>
<kw name="Log" library="BuiltIn">
<arg>${Product_Name}</arg>
<doc>Logs the given message with the given level.</doc>
<msg timestamp="20230820 17:50:05.272" level="INFO">Printed Zip-Front Hooded Jacket</msg>
<status status="PASS" starttime="20230820 17:50:05.272" endtime="20230820 17:50:05.272"/>
</kw>
<status status="PASS" starttime="20230820 17:50:05.272" endtime="20230820 17:50:05.272"/>
</kw>
<status status="PASS" starttime="20230820 17:50:05.256" endtime="20230820 17:50:05.272"/>
</test>
<test id="s1-s1-t79" name="TC1 850 Hooded Running Jacket with Raglan Sleeves" line="6">
<kw name="TC1">
<arg>Hooded Running Jacket with Raglan Sleeves</arg>
<kw name="Log" library="BuiltIn">
<arg>${Product_Name}</arg>
<doc>Logs the given message with the given level.</doc>
<msg timestamp="20230820 17:50:05.272" level="INFO">Hooded Running Jacket with Raglan Sleeves</msg>
<status status="PASS" starttime="20230820 17:50:05.272" endtime="20230820 17:50:05.272"/>
</kw>
<status status="PASS" starttime="20230820 17:50:05.272" endtime="20230820 17:50:05.272"/>
</kw>
<status status="PASS" starttime="20230820 17:50:05.272" endtime="20230820 17:50:05.272"/>
</test>
<test id="s1-s1-t80" name="TC1 1610 Colourblock Button-Front Denim Jacket" line="6">
<kw name="TC1">
<arg>Colourblock Button-Front Denim Jacket</arg>
<kw name="Log" library="BuiltIn">
<arg>${Product_Name}</arg>
<doc>Logs the given message with the given level.</doc>
<msg timestamp="20230820 17:50:05.272" level="INFO">Colourblock Button-Front Denim Jacket</msg>
<status status="PASS" starttime="20230820 17:50:05.272" endtime="20230820 17:50:05.272"/>
</kw>
<status status="PASS" starttime="20230820 17:50:05.272" endtime="20230820 17:50:05.272"/>
</kw>
<status status="PASS" starttime="20230820 17:50:05.272" endtime="20230820 17:50:05.272"/>
</test>
<test id="s1-s1-t81" name="TC1 1035 Biker Jackets with Flap Pockets" line="6">
<kw name="TC1">
<arg>Biker Jackets with Flap Pockets</arg>
<kw name="Log" library="BuiltIn">
<arg>${Product_Name}</arg>
<doc>Logs the given message with the given level.</doc>
<msg timestamp="20230820 17:50:05.288" level="INFO">Biker Jackets with Flap Pockets</msg>
<status status="PASS" starttime="20230820 17:50:05.288" endtime="20230820 17:50:05.288"/>
</kw>
<status status="PASS" starttime="20230820 17:50:05.288" endtime="20230820 17:50:05.288"/>
</kw>
<status status="PASS" starttime="20230820 17:50:05.272" endtime="20230820 17:50:05.288"/>
</test>
<test id="s1-s1-t82" name="TC1 833 Quilted Zip-Front Gilet" line="6">
<kw name="TC1">
<arg>Quilted Zip-Front Gilet</arg>
<kw name="Log" library="BuiltIn">
<arg>${Product_Name}</arg>
<doc>Logs the given message with the given level.</doc>
<msg timestamp="20230820 17:50:05.288" level="INFO">Quilted Zip-Front Gilet</msg>
<status status="PASS" starttime="20230820 17:50:05.288" endtime="20230820 17:50:05.288"/>
</kw>
<status status="PASS" starttime="20230820 17:50:05.288" endtime="20230820 17:50:05.288"/>
</kw>
<status status="PASS" starttime="20230820 17:50:05.288" endtime="20230820 17:50:05.288"/>
</test>
<test id="s1-s1-t83" name="TC1 1470 Slim Fit Puffer Jacket with Zipper Pockets" line="6">
<kw name="TC1">
<arg>Slim Fit Puffer Jacket with Zipper Pockets</arg>
<kw name="Log" library="BuiltIn">
<arg>${Product_Name}</arg>
<doc>Logs the given message with the given level.</doc>
<msg timestamp="20230820 17:50:05.288" level="INFO">Slim Fit Puffer Jacket with Zipper Pockets</msg>
<status status="PASS" starttime="20230820 17:50:05.288" endtime="20230820 17:50:05.288"/>
</kw>
<status status="PASS" starttime="20230820 17:50:05.288" endtime="20230820 17:50:05.288"/>
</kw>
<status status="PASS" starttime="20230820 17:50:05.288" endtime="20230820 17:50:05.288"/>
</test>
<test id="s1-s1-t84" name="TC1 1960 Colourblock Slim Fit Bomber Jacket" line="6">
<kw name="TC1">
<arg>Colourblock Slim Fit Bomber Jacket</arg>
<kw name="Log" library="BuiltIn">
<arg>${Product_Name}</arg>
<doc>Logs the given message with the given level.</doc>
<msg timestamp="20230820 17:50:05.303" level="INFO">Colourblock Slim Fit Bomber Jacket</msg>
<status status="PASS" starttime="20230820 17:50:05.303" endtime="20230820 17:50:05.303"/>
</kw>
<status status="PASS" starttime="20230820 17:50:05.303" endtime="20230820 17:50:05.303"/>
</kw>
<status status="PASS" starttime="20230820 17:50:05.288" endtime="20230820 17:50:05.303"/>
</test>
<test id="s1-s1-t85" name="TC1 700 Zip-Front Padded Jacket" line="6">
<kw name="TC1">
<arg>Zip-Front Padded Jacket</arg>
<kw name="Log" library="BuiltIn">
<arg>${Product_Name}</arg>
<doc>Logs the given message with the given level.</doc>
<msg timestamp="20230820 17:50:05.303" level="INFO">Zip-Front Padded Jacket</msg>
<status status="PASS" starttime="20230820 17:50:05.303" endtime="20230820 17:50:05.303"/>
</kw>
<status status="PASS" starttime="20230820 17:50:05.303" endtime="20230820 17:50:05.303"/>
</kw>
<status status="PASS" starttime="20230820 17:50:05.303" endtime="20230820 17:50:05.303"/>
</test>
<test id="s1-s1-t86" name="TC1 700 Zip-Front Track Jacket with Slip Pockets" line="6">
<kw name="TC1">
<arg>Zip-Front Track Jacket with Slip Pockets</arg>
<kw name="Log" library="BuiltIn">
<arg>${Product_Name}</arg>
<doc>Logs the given message with the given level.</doc>
<msg timestamp="20230820 17:50:05.303" level="INFO">Zip-Front Track Jacket with Slip Pockets</msg>
<status status="PASS" starttime="20230820 17:50:05.303" endtime="20230820 17:50:05.303"/>
</kw>
<status status="PASS" starttime="20230820 17:50:05.303" endtime="20230820 17:50:05.303"/>
</kw>
<status status="PASS" starttime="20230820 17:50:05.303" endtime="20230820 17:50:05.303"/>
</test>
<test id="s1-s1-t87" name="TC1 1078 Genuine Leather Zip-Front Slim Fit Track Jacket" line="6">
<kw name="TC1">
<arg>Genuine Leather Zip-Front Slim Fit Track Jacket</arg>
<kw name="Log" library="BuiltIn">
<arg>${Product_Name}</arg>
<doc>Logs the given message with the given level.</doc>
<msg timestamp="20230820 17:50:05.319" level="INFO">Genuine Leather Zip-Front Slim Fit Track Jacket</msg>
<status status="PASS" starttime="20230820 17:50:05.319" endtime="20230820 17:50:05.319"/>
</kw>
<status status="PASS" starttime="20230820 17:50:05.319" endtime="20230820 17:50:05.319"/>
</kw>
<status status="PASS" starttime="20230820 17:50:05.303" endtime="20230820 17:50:05.319"/>
</test>
<test id="s1-s1-t88" name="TC1 7799 Code MTN Non Hood Fuji Jacket" line="6">
<kw name="TC1">
<arg>Code MTN Non Hood Fuji Jacket</arg>
<kw name="Log" library="BuiltIn">
<arg>${Product_Name}</arg>
<doc>Logs the given message with the given level.</doc>
<msg timestamp="20230820 17:50:05.319" level="INFO">Code MTN Non Hood Fuji Jacket</msg>
<status status="PASS" starttime="20230820 17:50:05.319" endtime="20230820 17:50:05.319"/>
</kw>
<status status="PASS" starttime="20230820 17:50:05.319" endtime="20230820 17:50:05.319"/>
</kw>
<status status="PASS" starttime="20230820 17:50:05.319" endtime="20230820 17:50:05.319"/>
</test>
<test id="s1-s1-t89" name="TC1 833 Zip-Front Puffer Jacket with Zipper Pockets" line="6">
<kw name="TC1">
<arg>Zip-Front Puffer Jacket with Zipper Pockets</arg>
<kw name="Log" library="BuiltIn">
<arg>${Product_Name}</arg>
<doc>Logs the given message with the given level.</doc>
<msg timestamp="20230820 17:50:05.334" level="INFO">Zip-Front Puffer Jacket with Zipper Pockets</msg>
<status status="PASS" starttime="20230820 17:50:05.334" endtime="20230820 17:50:05.334"/>
</kw>
<status status="PASS" starttime="20230820 17:50:05.319" endtime="20230820 17:50:05.334"/>
</kw>
<status status="PASS" starttime="20230820 17:50:05.319" endtime="20230820 17:50:05.334"/>
</test>
<test id="s1-s1-t90" name="TC1 2500 Slim Fit Jacket with Zip-Front" line="6">
<kw name="TC1">
<arg>Slim Fit Jacket with Zip-Front</arg>
<kw name="Log" library="BuiltIn">
<arg>${Product_Name}</arg>
<doc>Logs the given message with the given level.</doc>
<msg timestamp="20230820 17:50:05.334" level="INFO">Slim Fit Jacket with Zip-Front</msg>
<status status="PASS" starttime="20230820 17:50:05.334" endtime="20230820 17:50:05.334"/>
</kw>
<status status="PASS" starttime="20230820 17:50:05.334" endtime="20230820 17:50:05.334"/>
</kw>
<status status="PASS" starttime="20230820 17:50:05.334" endtime="20230820 17:50:05.334"/>
</test>
<test id="s1-s1-t91" name="TC1 1078 Zip-Front High-Neck Track Jacket" line="6">
<kw name="TC1">
<arg>Zip-Front High-Neck Track Jacket</arg>
<kw name="Log" library="BuiltIn">
<arg>${Product_Name}</arg>
<doc>Logs the given message with the given level.</doc>
<msg timestamp="20230820 17:50:05.334" level="INFO">Zip-Front High-Neck Track Jacket</msg>
<status status="PASS" starttime="20230820 17:50:05.334" endtime="20230820 17:50:05.334"/>
</kw>
<status status="PASS" starttime="20230820 17:50:05.334" endtime="20230820 17:50:05.334"/>
</kw>
<status status="PASS" starttime="20230820 17:50:05.334" endtime="20230820 17:50:05.334"/>
</test>
<test id="s1-s1-t92" name="TC1 1700 Printed Zip-Front Hooded Jacket" line="6">
<kw name="TC1">
<arg>Printed Zip-Front Hooded Jacket</arg>
<kw name="Log" library="BuiltIn">
<arg>${Product_Name}</arg>
<doc>Logs the given message with the given level.</doc>
<msg timestamp="20230820 17:50:05.350" level="INFO">Printed Zip-Front Hooded Jacket</msg>
<status status="PASS" starttime="20230820 17:50:05.350" endtime="20230820 17:50:05.350"/>
</kw>
<status status="PASS" starttime="20230820 17:50:05.334" endtime="20230820 17:50:05.350"/>
</kw>
<status status="PASS" starttime="20230820 17:50:05.334" endtime="20230820 17:50:05.350"/>
</test>
<test id="s1-s1-t93" name="TC1 1470 Checked Bomber Jacket" line="6">
<kw name="TC1">
<arg>Checked Bomber Jacket</arg>
<kw name="Log" library="BuiltIn">
<arg>${Product_Name}</arg>
<doc>Logs the given message with the given level.</doc>
<msg timestamp="20230820 17:50:05.350" level="INFO">Checked Bomber Jacket</msg>
<status status="PASS" starttime="20230820 17:50:05.350" endtime="20230820 17:50:05.350"/>
</kw>
<status status="PASS" starttime="20230820 17:50:05.350" endtime="20230820 17:50:05.350"/>
</kw>
<status status="PASS" starttime="20230820 17:50:05.350" endtime="20230820 17:50:05.350"/>
</test>
<test id="s1-s1-t94" name="TC1 1360 Camouflage Print Jacket with Zip Pockets" line="6">
<kw name="TC1">
<arg>Camouflage Print Jacket with Zip Pockets</arg>
<kw name="Log" library="BuiltIn">
<arg>${Product_Name}</arg>
<doc>Logs the given message with the given level.</doc>
<msg timestamp="20230820 17:50:05.366" level="INFO">Camouflage Print Jacket with Zip Pockets</msg>
<status status="PASS" starttime="20230820 17:50:05.366" endtime="20230820 17:50:05.366"/>
</kw>
<status status="PASS" starttime="20230820 17:50:05.350" endtime="20230820 17:50:05.366"/>
</kw>
<status status="PASS" starttime="20230820 17:50:05.350" endtime="20230820 17:50:05.366"/>
</test>
<test id="s1-s1-t95" name="TC1 7699 Sports Puffer Zip-Front Hoodie" line="6">
<kw name="TC1">
<arg>Sports Puffer Zip-Front Hoodie</arg>
<kw name="Log" library="BuiltIn">
<arg>${Product_Name}</arg>
<doc>Logs the given message with the given level.</doc>
<msg timestamp="20230820 17:50:05.366" level="INFO">Sports Puffer Zip-Front Hoodie</msg>
<status status="PASS" starttime="20230820 17:50:05.366" endtime="20230820 17:50:05.366"/>
</kw>
<status status="PASS" starttime="20230820 17:50:05.366" endtime="20230820 17:50:05.366"/>
</kw>
<status status="PASS" starttime="20230820 17:50:05.366" endtime="20230820 17:50:05.366"/>
</test>
<test id="s1-s1-t96" name="TC1 5069 Zip-Front BomberJacket with Side Taping" line="6">
<kw name="TC1">
<arg>Zip-Front BomberJacket with Side Taping</arg>
<kw name="Log" library="BuiltIn">
<arg>${Product_Name}</arg>
<doc>Logs the given message with the given level.</doc>
<msg timestamp="20230820 17:50:05.366" level="INFO">Zip-Front BomberJacket with Side Taping</msg>
<status status="PASS" starttime="20230820 17:50:05.366" endtime="20230820 17:50:05.366"/>
</kw>
<status status="PASS" starttime="20230820 17:50:05.366" endtime="20230820 17:50:05.366"/>
</kw>
<status status="PASS" starttime="20230820 17:50:05.366" endtime="20230820 17:50:05.366"/>
</test>
<test id="s1-s1-t97" name="TC1 5000 Zip-Front Bikers Jacket" line="6">
<kw name="TC1">
<arg>Zip-Front Bikers Jacket</arg>
<kw name="Log" library="BuiltIn">
<arg>${Product_Name}</arg>
<doc>Logs the given message with the given level.</doc>
<msg timestamp="20230820 17:50:05.381" level="INFO">Zip-Front Bikers Jacket</msg>
<status status="PASS" starttime="20230820 17:50:05.381" endtime="20230820 17:50:05.381"/>
</kw>
<status status="PASS" starttime="20230820 17:50:05.381" endtime="20230820 17:50:05.381"/>
</kw>
<status status="PASS" starttime="20230820 17:50:05.366" endtime="20230820 17:50:05.381"/>
</test>
<test id="s1-s1-t98" name="TC1 2175 Hooded Zip-Front Running Jacket" line="6">
<kw name="TC1">
<arg>Hooded Zip-Front Running Jacket</arg>
<kw name="Log" library="BuiltIn">
<arg>${Product_Name}</arg>
<doc>Logs the given message with the given level.</doc>
<msg timestamp="20230820 17:50:05.381" level="INFO">Hooded Zip-Front Running Jacket</msg>
<status status="PASS" starttime="20230820 17:50:05.381" endtime="20230820 17:50:05.381"/>
</kw>
<status status="PASS" starttime="20230820 17:50:05.381" endtime="20230820 17:50:05.381"/>
</kw>
<status status="PASS" starttime="20230820 17:50:05.381" endtime="20230820 17:50:05.381"/>
</test>
<test id="s1-s1-t99" name="TC1 2205 Slim Fit Zip-Front Jacket with Mock Collar" line="6">
<kw name="TC1">
<arg>Slim Fit Zip-Front Jacket with Mock Collar</arg>
<kw name="Log" library="BuiltIn">
<arg>${Product_Name}</arg>
<doc>Logs the given message with the given level.</doc>
<msg timestamp="20230820 17:50:05.381" level="INFO">Slim Fit Zip-Front Jacket with Mock Collar</msg>
<status status="PASS" starttime="20230820 17:50:05.381" endtime="20230820 17:50:05.381"/>
</kw>
<status status="PASS" starttime="20230820 17:50:05.381" endtime="20230820 17:50:05.381"/>
</kw>
<status status="PASS" starttime="20230820 17:50:05.381" endtime="20230820 17:50:05.381"/>
</test>
<test id="s1-s1-t100" name="TC1 1169 Zip-Front Running Jacket" line="6">
<kw name="TC1">
<arg>Zip-Front Running Jacket</arg>
<kw name="Log" library="BuiltIn">
<arg>${Product_Name}</arg>
<doc>Logs the given message with the given level.</doc>
<msg timestamp="20230820 17:50:05.397" level="INFO">Zip-Front Running Jacket</msg>
<status status="PASS" starttime="20230820 17:50:05.397" endtime="20230820 17:50:05.397"/>
</kw>
<status status="PASS" starttime="20230820 17:50:05.397" endtime="20230820 17:50:05.397"/>
</kw>
<status status="PASS" starttime="20230820 17:50:05.381" endtime="20230820 17:50:05.397"/>
</test>
<test id="s1-s1-t101" name="TC1 525 Slim Fit Zip-Front Jacket" line="6">
<kw name="TC1">
<arg>Slim Fit Zip-Front Jacket</arg>
<kw name="Log" library="BuiltIn">
<arg>${Product_Name}</arg>
<doc>Logs the given message with the given level.</doc>
<msg timestamp="20230820 17:50:05.397" level="INFO">Slim Fit Zip-Front Jacket</msg>
<status status="PASS" starttime="20230820 17:50:05.397" endtime="20230820 17:50:05.397"/>
</kw>
<status status="PASS" starttime="20230820 17:50:05.397" endtime="20230820 17:50:05.397"/>
</kw>
<status status="PASS" starttime="20230820 17:50:05.397" endtime="20230820 17:50:05.397"/>
</test>
<test id="s1-s1-t102" name="TC1 1078 Zip-Front Slim Fit Track Jacket" line="6">
<kw name="TC1">
<arg>Zip-Front Slim Fit Track Jacket</arg>
<kw name="Log" library="BuiltIn">
<arg>${Product_Name}</arg>
<doc>Logs the given message with the given level.</doc>
<msg timestamp="20230820 17:50:05.397" level="INFO">Zip-Front Slim Fit Track Jacket</msg>
<status status="PASS" starttime="20230820 17:50:05.397" endtime="20230820 17:50:05.397"/>
</kw>
<status status="PASS" starttime="20230820 17:50:05.397" endtime="20230820 17:50:05.397"/>
</kw>
<status status="PASS" starttime="20230820 17:50:05.397" endtime="20230820 17:50:05.397"/>
</test>
<test id="s1-s1-t103" name="TC1 3073 Zip-Front Bomber Jacket" line="6">
<kw name="TC1">
<arg>Zip-Front Bomber Jacket</arg>
<kw name="Log" library="BuiltIn">
<arg>${Product_Name}</arg>
<doc>Logs the given message with the given level.</doc>
<msg timestamp="20230820 17:50:05.413" level="INFO">Zip-Front Bomber Jacket</msg>
<status status="PASS" starttime="20230820 17:50:05.413" endtime="20230820 17:50:05.413"/>
</kw>
<status status="PASS" starttime="20230820 17:50:05.397" endtime="20230820 17:50:05.413"/>
</kw>
<status status="PASS" starttime="20230820 17:50:05.397" endtime="20230820 17:50:05.413"/>
</test>
<test id="s1-s1-t104" name="TC1 2210 Quilted Jacket with Zipper Pockets" line="6">
<kw name="TC1">
<arg>Quilted Jacket with Zipper Pockets</arg>
<kw name="Log" library="BuiltIn">
<arg>${Product_Name}</arg>
<doc>Logs the given message with the given level.</doc>
<msg timestamp="20230820 17:50:05.413" level="INFO">Quilted Jacket with Zipper Pockets</msg>
<status status="PASS" starttime="20230820 17:50:05.413" endtime="20230820 17:50:05.413"/>
</kw>
<status status="PASS" starttime="20230820 17:50:05.413" endtime="20230820 17:50:05.413"/>
</kw>
<status status="PASS" starttime="20230820 17:50:05.413" endtime="20230820 17:50:05.413"/>
</test>
<test id="s1-s1-t105" name="TC1 420 Zip-Front Hooded Puffer Jacket" line="6">
<kw name="TC1">
<arg>Zip-Front Hooded Puffer Jacket</arg>
<kw name="Log" library="BuiltIn">
<arg>${Product_Name}</arg>
<doc>Logs the given message with the given level.</doc>
<msg timestamp="20230820 17:50:05.413" level="INFO">Zip-Front Hooded Puffer Jacket</msg>
<status status="PASS" starttime="20230820 17:50:05.413" endtime="20230820 17:50:05.413"/>
</kw>
<status status="PASS" starttime="20230820 17:50:05.413" endtime="20230820 17:50:05.413"/>
</kw>
<status status="PASS" starttime="20230820 17:50:05.413" endtime="20230820 17:50:05.413"/>
</test>
<test id="s1-s1-t106" name="TC1 980 Camouflage Print Slim Fit Hooded Jacket" line="6">
<kw name="TC1">
<arg>Camouflage Print Slim Fit Hooded Jacket</arg>
<kw name="Log" library="BuiltIn">
<arg>${Product_Name}</arg>
<doc>Logs the given message with the given level.</doc>
<msg timestamp="20230820 17:50:05.428" level="INFO">Camouflage Print Slim Fit Hooded Jacket</msg>
<status status="PASS" starttime="20230820 17:50:05.428" endtime="20230820 17:50:05.428"/>
</kw>
<status status="PASS" starttime="20230820 17:50:05.413" endtime="20230820 17:50:05.428"/>
</kw>
<status status="PASS" starttime="20230820 17:50:05.413" endtime="20230820 17:50:05.428"/>
</test>
<test id="s1-s1-t107" name="TC1 3639 Quilted Zip-Front Puffer Jacket" line="6">
<kw name="TC1">
<arg>Quilted Zip-Front Puffer Jacket</arg>
<kw name="Log" library="BuiltIn">
<arg>${Product_Name}</arg>
<doc>Logs the given message with the given level.</doc>
<msg timestamp="20230820 17:50:05.428" level="INFO">Quilted Zip-Front Puffer Jacket</msg>
<status status="PASS" starttime="20230820 17:50:05.428" endtime="20230820 17:50:05.428"/>
</kw>
<status status="PASS" starttime="20230820 17:50:05.428" endtime="20230820 17:50:05.428"/>
</kw>
<status status="PASS" starttime="20230820 17:50:05.428" endtime="20230820 17:50:05.428"/>
</test>
<test id="s1-s1-t108" name="TC1 1800 Packable Ultralight Puffer Jacket" line="6">
<kw name="TC1">
<arg>Packable Ultralight Puffer Jacket</arg>
<kw name="Log" library="BuiltIn">
<arg>${Product_Name}</arg>
<doc>Logs the given message with the given level.</doc>
<msg timestamp="20230820 17:50:05.428" level="INFO">Packable Ultralight Puffer Jacket</msg>
<status status="PASS" starttime="20230820 17:50:05.428" endtime="20230820 17:50:05.428"/>
</kw>
<status status="PASS" starttime="20230820 17:50:05.428" endtime="20230820 17:50:05.444"/>
</kw>
<status status="PASS" starttime="20230820 17:50:05.428" endtime="20230820 17:50:05.444"/>
</test>
<test id="s1-s1-t109" name="TC1 700 Zip-Front Hooded Jacket" line="6">
<kw name="TC1">
<arg>Zip-Front Hooded Jacket</arg>
<kw name="Log" library="BuiltIn">
<arg>${Product_Name}</arg>
<doc>Logs the given message with the given level.</doc>
<msg timestamp="20230820 17:50:05.444" level="INFO">Zip-Front Hooded Jacket</msg>
<status status="PASS" starttime="20230820 17:50:05.444" endtime="20230820 17:50:05.444"/>
</kw>
<status status="PASS" starttime="20230820 17:50:05.444" endtime="20230820 17:50:05.444"/>
</kw>
<status status="PASS" starttime="20230820 17:50:05.444" endtime="20230820 17:50:05.444"/>
</test>
<test id="s1-s1-t110" name="TC1 1617 Slim Fit Zip-Front Bomber Jacket" line="6">
<kw name="TC1">
<arg>Slim Fit Zip-Front Bomber Jacket</arg>
<kw name="Log" library="BuiltIn">
<arg>${Product_Name}</arg>
<doc>Logs the given message with the given level.</doc>
<msg timestamp="20230820 17:50:05.444" level="INFO">Slim Fit Zip-Front Bomber Jacket</msg>
<status status="PASS" starttime="20230820 17:50:05.444" endtime="20230820 17:50:05.444"/>
</kw>
<status status="PASS" starttime="20230820 17:50:05.444" endtime="20230820 17:50:05.444"/>
</kw>
<status status="PASS" starttime="20230820 17:50:05.444" endtime="20230820 17:50:05.444"/>
</test>
<test id="s1-s1-t111" name="TC1 988 Zip-Front Bomber Jacket with Insert Pockets" line="6">
<kw name="TC1">
<arg>Zip-Front Bomber Jacket with Insert Pockets</arg>
<kw name="Log" library="BuiltIn">
<arg>${Product_Name}</arg>
<doc>Logs the given message with the given level.</doc>
<msg timestamp="20230820 17:50:05.459" level="INFO">Zip-Front Bomber Jacket with Insert Pockets</msg>
<status status="PASS" starttime="20230820 17:50:05.444" endtime="20230820 17:50:05.459"/>
</kw>
<status status="PASS" starttime="20230820 17:50:05.444" endtime="20230820 17:50:05.459"/>
</kw>
<status status="PASS" starttime="20230820 17:50:05.444" endtime="20230820 17:50:05.459"/>
</test>
<test id="s1-s1-t112" name="TC1 1994 Zip-Front Jacket with Insert Pockets" line="6">
<kw name="TC1">
<arg>Zip-Front Jacket with Insert Pockets</arg>
<kw name="Log" library="BuiltIn">
<arg>${Product_Name}</arg>
<doc>Logs the given message with the given level.</doc>
<msg timestamp="20230820 17:50:05.459" level="INFO">Zip-Front Jacket with Insert Pockets</msg>
<status status="PASS" starttime="20230820 17:50:05.459" endtime="20230820 17:50:05.459"/>
</kw>
<status status="PASS" starttime="20230820 17:50:05.459" endtime="20230820 17:50:05.459"/>
</kw>
<status status="PASS" starttime="20230820 17:50:05.459" endtime="20230820 17:50:05.459"/>
</test>
<test id="s1-s1-t113" name="TC1 1280 Quilted Hooded Jacket" line="6">
<kw name="TC1">
<arg>Quilted Hooded Jacket</arg>
<kw name="Log" library="BuiltIn">
<arg>${Product_Name}</arg>
<doc>Logs the given message with the given level.</doc>
<msg timestamp="20230820 17:50:05.459" level="INFO">Quilted Hooded Jacket</msg>
<status status="PASS" starttime="20230820 17:50:05.459" endtime="20230820 17:50:05.459"/>
</kw>
<status status="PASS" starttime="20230820 17:50:05.459" endtime="20230820 17:50:05.459"/>
</kw>
<status status="PASS" starttime="20230820 17:50:05.459" endtime="20230820 17:50:05.459"/>
</test>
<test id="s1-s1-t114" name="TC1 1617 Printed Reversible Jacket with Insert Pockets" line="6">
<kw name="TC1">
<arg>Printed Reversible Jacket with Insert Pockets</arg>
<kw name="Log" library="BuiltIn">
<arg>${Product_Name}</arg>
<doc>Logs the given message with the given level.</doc>
<msg timestamp="20230820 17:50:05.475" level="INFO">Printed Reversible Jacket with Insert Pockets</msg>
<status status="PASS" starttime="20230820 17:50:05.475" endtime="20230820 17:50:05.475"/>
</kw>
<status status="PASS" starttime="20230820 17:50:05.475" endtime="20230820 17:50:05.475"/>
</kw>
<status status="PASS" starttime="20230820 17:50:05.459" endtime="20230820 17:50:05.475"/>
</test>
<test id="s1-s1-t115" name="TC1 8800 Bomber Jacket with Button Closure" line="6">
<kw name="TC1">
<arg>Bomber Jacket with Button Closure</arg>
<kw name="Log" library="BuiltIn">
<arg>${Product_Name}</arg>
<doc>Logs the given message with the given level.</doc>
<msg timestamp="20230820 17:50:05.475" level="INFO">Bomber Jacket with Button Closure</msg>
<status status="PASS" starttime="20230820 17:50:05.475" endtime="20230820 17:50:05.475"/>
</kw>
<status status="PASS" starttime="20230820 17:50:05.475" endtime="20230820 17:50:05.475"/>
</kw>
<status status="PASS" starttime="20230820 17:50:05.475" endtime="20230820 17:50:05.475"/>
</test>
<test id="s1-s1-t116" name="TC1 1813 Slim Fit Reversible Zip-Front Jacket" line="6">
<kw name="TC1">
<arg>Slim Fit Reversible Zip-Front Jacket</arg>
<kw name="Log" library="BuiltIn">
<arg>${Product_Name}</arg>
<doc>Logs the given message with the given level.</doc>
<msg timestamp="20230820 17:50:05.475" level="INFO">Slim Fit Reversible Zip-Front Jacket</msg>
<status status="PASS" starttime="20230820 17:50:05.475" endtime="20230820 17:50:05.475"/>
</kw>
<status status="PASS" starttime="20230820 17:50:05.475" endtime="20230820 17:50:05.475"/>
</kw>
<status status="PASS" starttime="20230820 17:50:05.475" endtime="20230820 17:50:05.475"/>
</test>
<test id="s1-s1-t117" name="TC1 910 Slim-Fit Button-Closure Jacket with Flap Pockets" line="6">
<kw name="TC1">
<arg>Slim-Fit Button-Closure Jacket with Flap Pockets</arg>
<kw name="Log" library="BuiltIn">
<arg>${Product_Name}</arg>
<doc>Logs the given message with the given level.</doc>
<msg timestamp="20230820 17:50:05.491" level="INFO">Slim-Fit Button-Closure Jacket with Flap Pockets</msg>
<status status="PASS" starttime="20230820 17:50:05.491" endtime="20230820 17:50:05.491"/>
</kw>
<status status="PASS" starttime="20230820 17:50:05.491" endtime="20230820 17:50:05.491"/>
</kw>
<status status="PASS" starttime="20230820 17:50:05.475" endtime="20230820 17:50:05.491"/>
</test>
<test id="s1-s1-t118" name="TC1 2232 Genuine Leather Zip-Front Hooded Jacket" line="6">
<kw name="TC1">
<arg>Genuine Leather Zip-Front Hooded Jacket</arg>
<kw name="Log" library="BuiltIn">
<arg>${Product_Name}</arg>
<doc>Logs the given message with the given level.</doc>
<msg timestamp="20230820 17:50:05.491" level="INFO">Genuine Leather Zip-Front Hooded Jacket</msg>
<status status="PASS" starttime="20230820 17:50:05.491" endtime="20230820 17:50:05.491"/>
</kw>
<status status="PASS" starttime="20230820 17:50:05.491" endtime="20230820 17:50:05.491"/>
</kw>
<status status="PASS" starttime="20230820 17:50:05.491" endtime="20230820 17:50:05.491"/>
</test>
<test id="s1-s1-t119" name="TC1 2250 Zip-Front Biker Jacket" line="6">
<kw name="TC1">
<arg>Zip-Front Biker Jacket</arg>
<kw name="Log" library="BuiltIn">
<arg>${Product_Name}</arg>
<doc>Logs the given message with the given level.</doc>
<msg timestamp="20230820 17:50:05.491" level="INFO">Zip-Front Biker Jacket</msg>
<status status="PASS" starttime="20230820 17:50:05.491" endtime="20230820 17:50:05.491"/>
</kw>
<status status="PASS" starttime="20230820 17:50:05.491" endtime="20230820 17:50:05.491"/>
</kw>
<status status="PASS" starttime="20230820 17:50:05.491" endtime="20230820 17:50:05.491"/>
</test>
<test id="s1-s1-t120" name="TC1 899 Fastdry Active Training Jacket" line="6">
<kw name="TC1">
<arg>Fastdry Active Training Jacket</arg>
<kw name="Log" library="BuiltIn">
<arg>${Product_Name}</arg>
<doc>Logs the given message with the given level.</doc>
<msg timestamp="20230820 17:50:05.506" level="INFO">Fastdry Active Training Jacket</msg>
<status status="PASS" starttime="20230820 17:50:05.506" endtime="20230820 17:50:05.506"/>
</kw>
<status status="PASS" starttime="20230820 17:50:05.506" endtime="20230820 17:50:05.506"/>
</kw>
<status status="PASS" starttime="20230820 17:50:05.491" endtime="20230820 17:50:05.506"/>
</test>
<test id="s1-s1-t121" name="TC1 1724 Geometric Print Zip-Front Jacket" line="6">
<kw name="TC1">
<arg>Geometric Print Zip-Front Jacket</arg>
<kw name="Log" library="BuiltIn">
<arg>${Product_Name}</arg>
<doc>Logs the given message with the given level.</doc>
<msg timestamp="20230820 17:50:05.506" level="INFO">Geometric Print Zip-Front Jacket</msg>
<status status="PASS" starttime="20230820 17:50:05.506" endtime="20230820 17:50:05.506"/>
</kw>
<status status="PASS" starttime="20230820 17:50:05.506" endtime="20230820 17:50:05.506"/>
</kw>
<status status="PASS" starttime="20230820 17:50:05.506" endtime="20230820 17:50:05.506"/>
</test>
<test id="s1-s1-t122" name="TC1 2435 Zip-Front Puffer Jacket" line="6">
<kw name="TC1">
<arg>Zip-Front Puffer Jacket</arg>
<kw name="Log" library="BuiltIn">
<arg>${Product_Name}</arg>
<doc>Logs the given message with the given level.</doc>
<msg timestamp="20230820 17:50:05.506" level="INFO">Zip-Front Puffer Jacket</msg>
[...]
<msg timestamp="20230820 17:50:08.430" level="WARN">Multiple tests with name 'TC1 3000 Vintage Logo Embroidered Zip-Front Track Jacket' executed in suite 'MobileImageAutomation.Rob1'.</msg>
<msg timestamp="20230820 17:50:08.508" level="WARN">Multiple tests with name 'TC1 816 Colourblock Track Jacket with Cut &amp; Sewn Detailing' executed in suite 'MobileImageAutomation.Rob1'.</msg>
<msg timestamp="20230820 17:50:08.523" level="WARN">Multiple tests with name 'TC1 1960 Slim Fit Zip-Front Bomber Jacket' executed in suite 'MobileImageAutomation.Rob1'.</msg>
<msg timestamp="20230820 17:50:08.601" level="WARN">Multiple tests with name 'TC1 1500 Button-Down Trucker Jacket with Flap Pockets' executed in suite 'MobileImageAutomation.Rob1'.</msg>
<msg timestamp="20230820 17:50:08.648" level="WARN">Multiple tests with name 'TC1 2500 Zip-Front Bomber Jacket' executed in suite 'MobileImageAutomation.Rob1'.</msg>
<msg timestamp="20230820 17:50:08.664" level="WARN">Multiple tests with name 'TC1 8999 Code Tech Core Down Jacket' executed in suite 'MobileImageAutomation.Rob1'.</msg>
<msg timestamp="20230820 17:50:08.695" level="WARN">Multiple tests with name 'TC1 1800 Zip-Front Quilted Jacket' executed in suite 'MobileImageAutomation.Rob1'.</msg>
<msg timestamp="20230820 17:50:08.711" level="WARN">Multiple tests with name 'TC1 2500 Zip-Front Biker Jacket with Insert Pockets' executed in suite 'MobileImageAutomation.Rob1'.</msg>
<msg timestamp="20230820 17:50:08.805" level="WARN">Multiple tests with name 'TC1 735 Colourblock Jacket with Insert Pockets' executed in suite 'MobileImageAutomation.Rob1'.</msg>
<msg timestamp="20230820 17:50:08.836" level="WARN">Multiple tests with name 'TC1 1500 Button-Down Trucker Jacket with Flap Pockets' executed in suite 'MobileImageAutomation.Rob1'.</msg>
<msg timestamp="20230820 17:50:08.883" level="WARN">Multiple tests with name 'TC1 3500 Zip-Front Biker Jacket' executed in suite 'MobileImageAutomation.Rob1'.</msg>
<msg timestamp="20230820 17:50:08.898" level="WARN">Multiple tests with name 'TC1 2000 Suede Bomber Jacket' executed in suite 'MobileImageAutomation.Rob1'.</msg>
<msg timestamp="20230820 17:50:08.914" level="WARN">Multiple tests with name 'TC1 5000 Code Tech SoftShell Zip-Front Jacket' executed in suite 'MobileImageAutomation.Rob1'.</msg>
<msg timestamp="20230820 17:50:08.914" level="WARN">Multiple tests with name 'TC1 1617 Slim Fit Zip-Front Bomber Jacket' executed in suite 'MobileImageAutomation.Rob1'.</msg>
<msg timestamp="20230820 17:50:08.930" level="WARN">Multiple tests with name 'TC1 910 Slim-Fit Button-Closure Jacket with Flap Pockets' executed in suite 'MobileImageAutomation.Rob1'.</msg>
<msg timestamp="20230820 17:50:08.961" level="WARN">Multiple tests with name 'TC1 2205 Slim Fit Jacket with Insert Pockets' executed in suite 'MobileImageAutomation.Rob1'.</msg>
<msg timestamp="20230820 17:50:08.976" level="WARN">Multiple tests with name 'TC1 960 Quilted Slim Fit Gillet' executed in suite 'MobileImageAutomation.Rob1'.</msg>
<msg timestamp="20230820 17:50:09.055" level="WARN">Multiple tests with name 'TC1 2000 Zip-Front Bomber Jacket' executed in suite 'MobileImageAutomation.Rob1'.</msg>
<msg timestamp="20230820 17:50:09.102" level="WARN">Multiple tests with name 'TC1 7799 Leonardo Hooded Zip-Front Jacket' executed in suite 'MobileImageAutomation.Rob1'.</msg>
<msg timestamp="20230820 17:50:09.134" level="WARN">Multiple tests with name 'TC1 1440 Genuine Leather Zip-Front Bomber Jacket with Insert Pockets' executed in suite 'MobileImageAutomation.Rob1'.</msg>
<msg timestamp="20230820 17:50:09.165" level="WARN">Multiple tests with name 'TC1 816 Quilted Scooter Jacket with Insert Pockets' executed in suite 'MobileImageAutomation.Rob1'.</msg>
<msg timestamp="20230820 17:50:09.180" level="WARN">Multiple tests with name 'TC1 1078 Zip-Front Slim Fit Track Jacket' executed in suite 'MobileImageAutomation.Rob1'.</msg>
<msg timestamp="20230820 17:50:09.321" level="WARN">Multiple tests with name 'TC1 1427 Zip-Front Hooded Jacket' executed in suite 'MobileImageAutomation.Rob1'.</msg>
<msg timestamp="20230820 17:50:09.321" level="WARN">Multiple tests with name 'TC1 1162 Zip-Front Jacket with Detachable Hood' executed in suite 'MobileImageAutomation.Rob1'.</msg>
<msg timestamp="20230820 17:50:09.337" level="WARN">Multiple tests with name 'TC1 1014 Zip-Front Track Jacket with Zipper Pockets' executed in suite 'MobileImageAutomation.Rob1'.</msg>
<msg timestamp="20230820 17:50:09.337" level="WARN">Multiple tests with name 'TC1 510 Quickdry Zip-Front Jacket' executed in suite 'MobileImageAutomation.Rob1'.</msg>
<msg timestamp="20230820 17:50:09.352" level="WARN">Multiple tests with name 'TC1 2040 Packable Ultralight Puffer Jacket' executed in suite 'MobileImageAutomation.Rob1'.</msg>
<msg timestamp="20230820 17:50:09.430" level="WARN">Multiple tests with name 'TC1 1440 Zip-Front Jacket with Insert Pockets' executed in suite 'MobileImageAutomation.Rob1'.</msg>
<msg timestamp="20230820 17:50:09.446" level="WARN">Multiple tests with name 'TC1 1500 Button-Down Trucker Jacket with Flap Pockets' executed in suite 'MobileImageAutomation.Rob1'.</msg>
<msg timestamp="20230820 17:50:09.477" level="WARN">Multiple tests with name 'TC1 7500 Hooded Everest Bomber Jacket' executed in suite 'MobileImageAutomation.Rob1'.</msg>
<msg timestamp="20230820 17:50:09.493" level="WARN">Multiple tests with name 'TC1 1440 Slim Fit Zip-Front Bomber Jacket with Contrast Tipping' executed in suite 'MobileImageAutomation.Rob1'.</msg>
<msg timestamp="20230820 17:50:09.509" level="WARN">Multiple tests with name 'TC1 1680 Iconic Baseball Bomber Jacket' executed in suite 'MobileImageAutomation.Rob1'.</msg>
<msg timestamp="20230820 17:50:09.509" level="WARN">Multiple tests with name 'TC1 1500 Zip-Front Jacket with Flap Pockets' executed in suite 'MobileImageAutomation.Rob1'.</msg>
<msg timestamp="20230820 17:50:09.524" level="WARN">Multiple tests with name 'TC1 8249 Code Trekker Jacket' executed in suite 'MobileImageAutomation.Rob1'.</msg>
<msg timestamp="20230820 17:50:09.524" level="WARN">Multiple tests with name 'TC1 816 Quilted Scooter Jacket with Insert Pockets' executed in suite 'MobileImageAutomation.Rob1'.</msg>
<msg timestamp="20230820 17:50:09.540" level="WARN">Multiple tests with name 'TC1 1470 Slim Fit Puffer Jacket with Zipper Pockets' executed in suite 'MobileImageAutomation.Rob1'.</msg>
<msg timestamp="20230820 17:50:09.618" level="WARN">Multiple tests with name 'TC1 1750 Zip-Front Bomber Jacket' executed in suite 'MobileImageAutomation.Rob1'.</msg>
<msg timestamp="20230820 17:50:09.649" level="WARN">Multiple tests with name 'TC1 1169 Brand Print Fastdry Running Jacket' executed in suite 'MobileImageAutomation.Rob1'.</msg>
<msg timestamp="20230820 17:50:09.680" level="WARN">Multiple tests with name 'TC1 1040 Colourblock Zip-Front Hooded Jacket' executed in suite 'MobileImageAutomation.Rob1'.</msg>
<msg timestamp="20230820 17:50:09.680" level="WARN">Multiple tests with name 'TC1 2500 Zip-Front Bomber Jacket' executed in suite 'MobileImageAutomation.Rob1'.</msg>
<msg timestamp="20230820 17:50:09.712" level="WARN">Multiple tests with name 'TC1 2695 Zip-Front Slim Fit Biker Jacket' executed in suite 'MobileImageAutomation.Rob1'.</msg>
<msg timestamp="20230820 17:50:09.759" level="WARN">Multiple tests with name 'TC1 1099 Quilted Slim Fit Bomber Jacket' executed in suite 'MobileImageAutomation.Rob1'.</msg>
<msg timestamp="20230820 17:50:09.774" level="WARN">Multiple tests with name 'TC1 988 Slim Fit Jacket with Zip-Front' executed in suite 'MobileImageAutomation.Rob1'.</msg>
<msg timestamp="20230820 17:50:09.868" level="WARN">Multiple tests with name 'TC1 960 Zip-Front Puffer Jacket with Insert Pockets' executed in suite 'MobileImageAutomation.Rob1'.</msg>
<msg timestamp="20230820 17:50:09.884" level="WARN">Multiple tests with name 'TC1 1500 Zip-Front Bomber Jacket with Flap Pockets' executed in suite 'MobileImageAutomation.Rob1'.</msg>
<msg timestamp="20230820 17:50:09.915" level="WARN">Multiple tests with name 'TC1 1500 Zip-Front Hooded Jacket' executed in suite 'MobileImageAutomation.Rob1'.</msg>
<msg timestamp="20230820 17:50:09.930" level="WARN">Multiple tests with name 'TC1 510 Quickdry Zip-Front Jacket' executed in suite 'MobileImageAutomation.Rob1'.</msg>
<msg timestamp="20230820 17:50:09.946" level="WARN">Multiple tests with name 'TC1 3000 Vintage Logo Embroidered Zip-Front Track Jacket' executed in suite 'MobileImageAutomation.Rob1'.</msg>
<msg timestamp="20230820 17:50:09.977" level="WARN">Multiple tests with name 'TC1 1899 2730 Super Combed Cotton French Terry Jacket with Ribbed Cuffs and Convenient Side Pockets' executed in suite 'MobileImageAutomation.Rob1'.</msg>
<msg timestamp="20230820 17:50:09.993" level="WARN">Multiple tests with name 'TC1 2107 Slim Fit Bomber Jacket with Hood' executed in suite 'MobileImageAutomation.Rob1'.</msg>
<msg timestamp="20230820 17:50:10.025" level="WARN">Multiple tests with name 'TC1 1799 Button-Closure Denim Jacket with Spread Collar' executed in suite 'MobileImageAutomation.Rob1'.</msg>
<msg timestamp="20230820 17:50:10.150" level="WARN">Multiple tests with name 'TC1 2250 Quilted Bomber Jacket with Zip Front' executed in suite 'MobileImageAutomation.Rob1'.</msg>
<msg timestamp="20230820 17:50:10.181" level="WARN">Multiple tests with name 'TC1 700 Zip-Front Track Jacket with Slip Pockets' executed in suite 'MobileImageAutomation.Rob1'.</msg>
<msg timestamp="20230820 17:50:10.196" level="WARN">Multiple tests with name 'TC1 910 Slim Fit Jacket with Flap Pockets' executed in suite 'MobileImageAutomation.Rob1'.</msg>
<msg timestamp="20230820 17:50:10.196" level="WARN">Multiple tests with name 'TC1 1400 Horizontal Quilted Gilet' executed in suite 'MobileImageAutomation.Rob1'.</msg>
<msg timestamp="20230820 17:50:10.212" level="WARN">Multiple tests with name 'TC1 1750 Colourblock Mock-Neck Jacket with Insert Pockets' executed in suite 'MobileImageAutomation.Rob1'.</msg>
<msg timestamp="20230820 17:50:10.212" level="WARN">Multiple tests with name 'TC1 1960 Zip-Front Slim Fit Jacket' executed in suite 'MobileImageAutomation.Rob1'.</msg>
<msg timestamp="20230820 17:50:10.259" level="WARN">Multiple tests with name 'TC1 1085 Washed Slim Fit Denim Jacket' executed in suite 'MobileImageAutomation.Rob1'.</msg>
<msg timestamp="20230820 17:50:10.290" level="WARN">Multiple tests with name 'TC1 2500 Zip-Front Bomber Jacket' executed in suite 'MobileImageAutomation.Rob1'.</msg>
<msg timestamp="20230820 17:50:10.290" level="WARN">Multiple tests with name 'TC1 7699 Code XPD Radar Quilt Mix Hooded Jacket' executed in suite 'MobileImageAutomation.Rob1'.</msg>
<msg timestamp="20230820 17:50:10.337" level="WARN">Multiple tests with name 'TC1 659 Zip-Front Slim Fit Puffer Jacket' executed in suite 'MobileImageAutomation.Rob1'.</msg>
<msg timestamp="20230820 17:50:10.353" level="WARN">Multiple tests with name 'TC1 988 Zip-Front Bomber Jacket with Insert Pockets' executed in suite 'MobileImageAutomation.Rob1'.</msg>
<msg timestamp="20230820 17:50:10.415" level="WARN">Multiple tests with name 'TC1 500 Heathered Hoodie with Kangaroo Pockets' executed in suite 'MobileImageAutomation.Rob1'.</msg>
<msg timestamp="20230820 17:50:10.525" level="WARN">Multiple tests with name 'TC1 2300 Zip-Front Bomber Jacket' executed in suite 'MobileImageAutomation.Rob1'.</msg>
<msg timestamp="20230820 17:50:10.572" level="WARN">Multiple tests with name 'TC1 720 Colourblock Track Jacket with Insert Pockets' executed in suite 'MobileImageAutomation.Rob1'.</msg>
<msg timestamp="20230820 17:50:10.587" level="WARN">Multiple tests with name 'TC1 575 Zip-Front Jacket with Insert Pocket' executed in suite 'MobileImageAutomation.Rob1'.</msg>
<msg timestamp="20230820 17:50:10.634" level="WARN">Multiple tests with name 'TC1 2000 Zip-Front Bomber Jacket' executed in suite 'MobileImageAutomation.Rob1'.</msg>
<msg timestamp="20230820 17:50:10.634" level="WARN">Multiple tests with name 'TC1 599 Quilted Slim Fit Zip-Front Gillet' executed in suite 'MobileImageAutomation.Rob1'.</msg>
<msg timestamp="20230820 17:50:10.744" level="WARN">Multiple tests with name 'TC1 910 Slim-Fit Button-Closure Jacket with Flap Pockets' executed in suite 'MobileImageAutomation.Rob1'.</msg>
<msg timestamp="20230820 17:50:10.759" level="WARN">Multiple tests with name 'TC1 974 Bomber Jacket with Slip Pockets' executed in suite 'MobileImageAutomation.Rob1'.</msg>
<msg timestamp="20230820 17:50:10.791" level="WARN">Multiple tests with name 'TC1 1680 Colourblock Zip-Front Hooded Jacket' executed in suite 'MobileImageAutomation.Rob1'.</msg>
<msg timestamp="20230820 17:50:10.822" level="WARN">Multiple tests with name 'TC1 1679 Colourblock Bomber Jacket with Button Closure' executed in suite 'MobileImageAutomation.Rob1'.</msg>
<msg timestamp="20230820 17:50:10.822" level="WARN">Multiple tests with name 'TC1 1500 Quilted Zip-Front Gilet Jacket' executed in suite 'MobileImageAutomation.Rob1'.</msg>
<msg timestamp="20230820 17:50:10.900" level="WARN">Multiple tests with name 'TC1 816 Zip-Front Jacket with Insert Pocket' executed in suite 'MobileImageAutomation.Rob1'.</msg>
<msg timestamp="20230820 17:50:10.916" level="WARN">Multiple tests with name 'TC1 396 Colourblock Zip-Front Bomber Jacket' executed in suite 'MobileImageAutomation.Rob1'.</msg>
<msg timestamp="20230820 17:50:10.947" level="WARN">Multiple tests with name 'TC1 988 Slim Fit Jacket with Zip-Front' executed in suite 'MobileImageAutomation.Rob1'.</msg>
<msg timestamp="20230820 17:50:10.978" level="WARN">Multiple tests with name 'TC1 1470 Quilted Slim Fit Zip-Front Jacket' executed in suite 'MobileImageAutomation.Rob1'.</msg>
<msg timestamp="20230820 17:50:10.994" level="WARN">Multiple tests with name 'TC1 1750 Zip-Front Bomber Jacket' executed in suite 'MobileImageAutomation.Rob1'.</msg>
<msg timestamp="20230820 17:50:11.041" level="WARN">Multiple tests with name 'TC1 910 Slim-Fit Button-Closure Jacket with Flap Pockets' executed in suite 'MobileImageAutomation.Rob1'.</msg>
<msg timestamp="20230820 17:50:11.041" level="WARN">Multiple tests with name 'TC1 396 Colourblock Zip-Front Bomber Jacket' executed in suite 'MobileImageAutomation.Rob1'.</msg>
<msg timestamp="20230820 17:50:11.103" level="WARN">Multiple tests with name 'TC1 1960 Genuine Leather Slim Fit Zip-Front Bomber Jacket' executed in suite 'MobileImageAutomation.Rob1'.</msg>
<msg timestamp="20230820 17:50:11.134" level="WARN">Multiple tests with name 'TC1 1960 Colourblock Slim Fit Bomber Jacket' executed in suite 'MobileImageAutomation.Rob1'.</msg>
<msg timestamp="20230820 17:50:11.134" level="WARN">Multiple tests with name 'TC1 2025 Zip-Front Bomber Jacket' executed in suite 'MobileImageAutomation.Rob1'.</msg>
<msg timestamp="20230820 17:50:11.181" level="WARN">Multiple tests with name 'TC1 1960 Zip-Front Slim Fit Jacket' executed in suite 'MobileImageAutomation.Rob1'.</msg>
<msg timestamp="20230820 17:50:11.212" level="WARN">Multiple tests with name 'TC1 960 Zip-Front Puffer Jacket with Insert Pockets' executed in suite 'MobileImageAutomation.Rob1'.</msg>
<msg timestamp="20230820 17:50:11.275" level="WARN">Multiple tests with name 'TC1 396 Zip-Front Bomber Jacket with Welt Pockets' executed in suite 'MobileImageAutomation.Rob1'.</msg>
<msg timestamp="20230820 17:50:11.322" level="WARN">Multiple tests with name 'TC1 2000 Zip-Front Bomber Jacket' executed in suite 'MobileImageAutomation.Rob1'.</msg>
<msg timestamp="20230820 17:50:11.431" level="WARN">Multiple tests with name 'TC1 2040 Packable Ultralight Puffer Jacket' executed in suite 'MobileImageAutomation.Rob1'.</msg>
<msg timestamp="20230820 17:50:11.525" level="WARN">Multiple tests with name 'TC1 735 Colourblock Zip-Front Track Jacket' executed in suite 'MobileImageAutomation.Rob1'.</msg>
<msg timestamp="20230820 17:50:11.556" level="WARN">Multiple tests with name 'TC1 1139 Quilted Zip-Front Jacket' executed in suite 'MobileImageAutomation.Rob1'.</msg>
<msg timestamp="20230820 17:50:11.681" level="WARN">Multiple tests with name 'TC1 1599 Sleeveless Gillet with Zip-Front' executed in suite 'MobileImageAutomation.Rob1'.</msg>
<msg timestamp="20230820 17:50:11.793" level="WARN">Multiple tests with name 'TC1 750 Camouflage Print Hooded Jacket' executed in suite 'MobileImageAutomation.Rob1'.</msg>
<msg timestamp="20230820 17:50:11.823" level="WARN">Multiple tests with name 'TC1 2025 Zip-Front Bomber Jacket' executed in suite 'MobileImageAutomation.Rob1'.</msg>
<msg timestamp="20230820 17:50:11.963" level="WARN">Multiple tests with name 'TC1 1470 1832 Slim Fit Rib-Panelled Jacket' executed in suite 'MobileImageAutomation.Rob1'.</msg>
<msg timestamp="20230820 17:50:11.963" level="WARN">Multiple tests with name 'TC1 1440 Zip-Front Bomber Jacket' executed in suite 'MobileImageAutomation.Rob1'.</msg>
<msg timestamp="20230820 17:50:11.979" level="WARN">Multiple tests with name 'TC1 5000 Code Tech SoftShell Zip-Front Jacket' executed in suite 'MobileImageAutomation.Rob1'.</msg>
<msg timestamp="20230820 17:50:12.026" level="WARN">Multiple tests with name 'TC1 1184 Zip-Front High-Neck Bomber Jacket with Insert Pockets' executed in suite 'MobileImageAutomation.Rob1'.</msg>
<msg timestamp="20230820 17:50:12.057" level="WARN">Multiple tests with name 'TC1 2000 Single-Breasted Blazer with Flap Pockets' executed in suite 'MobileImageAutomation.Rob1'.</msg>
<msg timestamp="20230820 17:50:12.104" level="WARN">Multiple tests with name 'TC1 700 Zip-Front Bomber Jacket' executed in suite 'MobileImageAutomation.Rob1'.</msg>
<msg timestamp="20230820 17:50:12.182" level="WARN">Multiple tests with name 'TC1 2420 Quilted Zip-Front Puffer Jacket' executed in suite 'MobileImageAutomation.Rob1'.</msg>
<msg timestamp="20230820 17:50:12.307" level="WARN">Multiple tests with name 'TC1 616 Denim Jacket with Flap Pockets' executed in suite 'MobileImageAutomation.Rob1'.</msg>
<msg timestamp="20230820 17:50:12.323" level="WARN">Multiple tests with name 'TC1 2021 Brand Print Slim Fit Track Jacket' executed in suite 'MobileImageAutomation.Rob1'.</msg>
<msg timestamp="20230820 17:50:12.385" level="WARN">Multiple tests with name 'TC1 1099 Quilted Slim Fit Bomber Jacket' executed in suite 'MobileImageAutomation.Rob1'.</msg>
<msg timestamp="20230820 17:50:12.542" level="WARN">Multiple tests with name 'TC1 1250 Zip-Front Hooded Jacket with Flap Pockets' executed in suite 'MobileImageAutomation.Rob1'.</msg>
<msg timestamp="20230820 17:50:12.589" level="WARN">Multiple tests with name 'TC1 1020 Denim Jacket with Buttoned Flap Pockets' executed in suite 'MobileImageAutomation.Rob1'.</msg>
<msg timestamp="20230820 17:50:12.589" level="WARN">Multiple tests with name 'TC1 2000 Single-Breasted Blazer with Flap Pockets' executed in suite 'MobileImageAutomation.Rob1'.</msg>
<msg timestamp="20230820 17:50:12.620" level="WARN">Multiple tests with name 'TC1 6500 Leonardo Hooded Zip-Front Jacket' executed in suite 'MobileImageAutomation.Rob1'.</msg>
<msg timestamp="20230820 17:50:12.651" level="WARN">Multiple tests with name 'TC1 1499 Denim Jacket with Flap Pockets' executed in suite 'MobileImageAutomation.Rob1'.</msg>
<msg timestamp="20230820 17:50:12.667" level="WARN">Multiple tests with name 'TC1 1584 Reversible Bomber Jacket with Insert Pockets' executed in suite 'MobileImageAutomation.Rob1'.</msg>
<msg timestamp="20230820 17:50:12.698" level="WARN">Multiple tests with name 'TC1 1440 Zip-Front Bomber Jacket with Pockets' executed in suite 'MobileImageAutomation.Rob1'.</msg>
<msg timestamp="20230820 17:50:12.729" level="WARN">Multiple tests with name 'TC1 1349 Zip-Front Jacket with Insert Pockets' executed in suite 'MobileImageAutomation.Rob1'.</msg>
</errors>
</robot>
